<?xml version="1.0" encoding="UTF-8"?>
<testng-results ignored="0" total="41" passed="41" failed="0" skipped="0">
  <reporter-output>
  </reporter-output>
  <suite started-at="2024-04-01T12:42:32 PDT" name="Default suite" finished-at="2024-04-01T12:43:15 PDT" duration-ms="42807">
    <groups>
      <group name="cucumber">
        <method signature="AbstractTestNGCucumberTests.runScenario(io.cucumber.testng.PickleWrapper,io.cucumber.testng.FeatureWrapper)[pri:0, instance:lms.runner.TestRunner@1a5a4e19]" name="runScenario" class="io.cucumber.testng.AbstractTestNGCucumberTests"/>
      </group> <!-- cucumber -->
    </groups>
    <test started-at="2024-04-01T12:42:32 PDT" name="Default test" finished-at="2024-04-01T12:43:15 PDT" duration-ms="42807">
      <class name="lms.runner.TestRunner">
        <test-method is-config="true" signature="setUpClass(org.testng.ITestContext)[pri:0, instance:lms.runner.TestRunner@1a5a4e19]" started-at="2024-04-01T12:42:32 PDT" name="setUpClass" finished-at="2024-04-01T12:42:33 PDT" duration-ms="591" status="PASS">
          <params>
            <param index="0">
              <value>
                <![CDATA[org.testng.TestRunner@541c7857]]>
              </value>
            </param>
          </params>
          <reporter-output>
          </reporter-output>
        </test-method> <!-- setUpClass -->
        <test-method signature="runScenario(io.cucumber.testng.PickleWrapper,io.cucumber.testng.FeatureWrapper)[pri:0, instance:lms.runner.TestRunner@1a5a4e19]" started-at="2024-04-01T12:42:33 PDT" name="runScenario" description="Runs Cucumber Scenarios" data-provider="scenarios" finished-at="2024-04-01T12:42:36 PDT" duration-ms="3481" status="PASS">
          <params>
            <param index="0">
              <value>
                <![CDATA["Authorized admin able to create new Program with test data from Excel"]]>
              </value>
            </param>
            <param index="1">
              <value>
                <![CDATA["LMS API All Modules End To End Positive Scenarios"]]>
              </value>
            </param>
          </params>
          <reporter-output>
          </reporter-output>
        </test-method> <!-- runScenario -->
        <test-method signature="runScenario(io.cucumber.testng.PickleWrapper,io.cucumber.testng.FeatureWrapper)[pri:0, instance:lms.runner.TestRunner@1a5a4e19]" started-at="2024-04-01T12:42:36 PDT" name="runScenario" description="Runs Cucumber Scenarios" data-provider="scenarios" finished-at="2024-04-01T12:42:37 PDT" duration-ms="896" status="PASS">
          <params>
            <param index="0">
              <value>
                <![CDATA["Check if admin able to retrieve all programs with valid API Endpoint"]]>
              </value>
            </param>
            <param index="1">
              <value>
                <![CDATA["LMS API All Modules End To End Positive Scenarios"]]>
              </value>
            </param>
          </params>
          <reporter-output>
          </reporter-output>
        </test-method> <!-- runScenario -->
        <test-method signature="runScenario(io.cucumber.testng.PickleWrapper,io.cucumber.testng.FeatureWrapper)[pri:0, instance:lms.runner.TestRunner@1a5a4e19]" started-at="2024-04-01T12:42:37 PDT" name="runScenario" description="Runs Cucumber Scenarios" data-provider="scenarios" finished-at="2024-04-01T12:42:38 PDT" duration-ms="886" status="PASS">
          <params>
            <param index="0">
              <value>
                <![CDATA["Check if admin able to retrieve program by programID with valid API Endpoint"]]>
              </value>
            </param>
            <param index="1">
              <value>
                <![CDATA["LMS API All Modules End To End Positive Scenarios"]]>
              </value>
            </param>
          </params>
          <reporter-output>
          </reporter-output>
        </test-method> <!-- runScenario -->
        <test-method signature="runScenario(io.cucumber.testng.PickleWrapper,io.cucumber.testng.FeatureWrapper)[pri:0, instance:lms.runner.TestRunner@1a5a4e19]" started-at="2024-04-01T12:42:38 PDT" name="runScenario" description="Runs Cucumber Scenarios" data-provider="scenarios" finished-at="2024-04-01T12:42:39 PDT" duration-ms="987" status="PASS">
          <params>
            <param index="0">
              <value>
                <![CDATA["Check if admin able to retrieve program with User details for valid API Endpoint"]]>
              </value>
            </param>
            <param index="1">
              <value>
                <![CDATA["LMS API All Modules End To End Positive Scenarios"]]>
              </value>
            </param>
          </params>
          <reporter-output>
          </reporter-output>
        </test-method> <!-- runScenario -->
        <test-method signature="runScenario(io.cucumber.testng.PickleWrapper,io.cucumber.testng.FeatureWrapper)[pri:0, instance:lms.runner.TestRunner@1a5a4e19]" started-at="2024-04-01T12:42:39 PDT" name="runScenario" description="Runs Cucumber Scenarios" data-provider="scenarios" finished-at="2024-04-01T12:42:40 PDT" duration-ms="969" status="PASS">
          <params>
            <param index="0">
              <value>
                <![CDATA["Authorized admin able to update Program by programID with test data from Excel"]]>
              </value>
            </param>
            <param index="1">
              <value>
                <![CDATA["LMS API All Modules End To End Positive Scenarios"]]>
              </value>
            </param>
          </params>
          <reporter-output>
          </reporter-output>
        </test-method> <!-- runScenario -->
        <test-method signature="runScenario(io.cucumber.testng.PickleWrapper,io.cucumber.testng.FeatureWrapper)[pri:0, instance:lms.runner.TestRunner@1a5a4e19]" started-at="2024-04-01T12:42:40 PDT" name="runScenario" description="Runs Cucumber Scenarios" data-provider="scenarios" finished-at="2024-04-01T12:42:41 PDT" duration-ms="914" status="PASS">
          <params>
            <param index="0">
              <value>
                <![CDATA["Authorized admin able to update Program by programName with test data from Excel"]]>
              </value>
            </param>
            <param index="1">
              <value>
                <![CDATA["LMS API All Modules End To End Positive Scenarios"]]>
              </value>
            </param>
          </params>
          <reporter-output>
          </reporter-output>
        </test-method> <!-- runScenario -->
        <test-method signature="runScenario(io.cucumber.testng.PickleWrapper,io.cucumber.testng.FeatureWrapper)[pri:0, instance:lms.runner.TestRunner@1a5a4e19]" started-at="2024-04-01T12:42:41 PDT" name="runScenario" description="Runs Cucumber Scenarios" data-provider="scenarios" finished-at="2024-04-01T12:42:42 PDT" duration-ms="933" status="PASS">
          <params>
            <param index="0">
              <value>
                <![CDATA["Authorized Admin able to create new Batch"]]>
              </value>
            </param>
            <param index="1">
              <value>
                <![CDATA["LMS API All Modules End To End Positive Scenarios"]]>
              </value>
            </param>
          </params>
          <reporter-output>
          </reporter-output>
        </test-method> <!-- runScenario -->
        <test-method signature="runScenario(io.cucumber.testng.PickleWrapper,io.cucumber.testng.FeatureWrapper)[pri:0, instance:lms.runner.TestRunner@1a5a4e19]" started-at="2024-04-01T12:42:42 PDT" name="runScenario" description="Runs Cucumber Scenarios" data-provider="scenarios" finished-at="2024-04-01T12:42:43 PDT" duration-ms="1013" status="PASS">
          <params>
            <param index="0">
              <value>
                <![CDATA[": Authorized Admin able to view all Batches"]]>
              </value>
            </param>
            <param index="1">
              <value>
                <![CDATA["LMS API All Modules End To End Positive Scenarios"]]>
              </value>
            </param>
          </params>
          <reporter-output>
          </reporter-output>
        </test-method> <!-- runScenario -->
        <test-method signature="runScenario(io.cucumber.testng.PickleWrapper,io.cucumber.testng.FeatureWrapper)[pri:0, instance:lms.runner.TestRunner@1a5a4e19]" started-at="2024-04-01T12:42:43 PDT" name="runScenario" description="Runs Cucumber Scenarios" data-provider="scenarios" finished-at="2024-04-01T12:42:44 PDT" duration-ms="1046" status="PASS">
          <params>
            <param index="0">
              <value>
                <![CDATA[": Authorized Admin able to view all Batches"]]>
              </value>
            </param>
            <param index="1">
              <value>
                <![CDATA["LMS API All Modules End To End Positive Scenarios"]]>
              </value>
            </param>
          </params>
          <reporter-output>
          </reporter-output>
        </test-method> <!-- runScenario -->
        <test-method signature="runScenario(io.cucumber.testng.PickleWrapper,io.cucumber.testng.FeatureWrapper)[pri:0, instance:lms.runner.TestRunner@1a5a4e19]" started-at="2024-04-01T12:42:44 PDT" name="runScenario" description="Runs Cucumber Scenarios" data-provider="scenarios" finished-at="2024-04-01T12:42:45 PDT" duration-ms="857" status="PASS">
          <params>
            <param index="0">
              <value>
                <![CDATA["Authorized Admin able to view respective Batch with valid endpoint,valid url,valid batchID"]]>
              </value>
            </param>
            <param index="1">
              <value>
                <![CDATA["LMS API All Modules End To End Positive Scenarios"]]>
              </value>
            </param>
          </params>
          <reporter-output>
          </reporter-output>
        </test-method> <!-- runScenario -->
        <test-method signature="runScenario(io.cucumber.testng.PickleWrapper,io.cucumber.testng.FeatureWrapper)[pri:0, instance:lms.runner.TestRunner@1a5a4e19]" started-at="2024-04-01T12:42:45 PDT" name="runScenario" description="Runs Cucumber Scenarios" data-provider="scenarios" finished-at="2024-04-01T12:42:45 PDT" duration-ms="825" status="PASS">
          <params>
            <param index="0">
              <value>
                <![CDATA["Authorized Admin able to view respective Batch with valid endpoint,valid url,valid programID"]]>
              </value>
            </param>
            <param index="1">
              <value>
                <![CDATA["LMS API All Modules End To End Positive Scenarios"]]>
              </value>
            </param>
          </params>
          <reporter-output>
          </reporter-output>
        </test-method> <!-- runScenario -->
        <test-method signature="runScenario(io.cucumber.testng.PickleWrapper,io.cucumber.testng.FeatureWrapper)[pri:0, instance:lms.runner.TestRunner@1a5a4e19]" started-at="2024-04-01T12:42:45 PDT" name="runScenario" description="Runs Cucumber Scenarios" data-provider="scenarios" finished-at="2024-04-01T12:42:46 PDT" duration-ms="861" status="PASS">
          <params>
            <param index="0">
              <value>
                <![CDATA["Authorized Admin able to view respective Batch with valid endpoint,valid url,valid batchName"]]>
              </value>
            </param>
            <param index="1">
              <value>
                <![CDATA["LMS API All Modules End To End Positive Scenarios"]]>
              </value>
            </param>
          </params>
          <reporter-output>
          </reporter-output>
        </test-method> <!-- runScenario -->
        <test-method signature="runScenario(io.cucumber.testng.PickleWrapper,io.cucumber.testng.FeatureWrapper)[pri:0, instance:lms.runner.TestRunner@1a5a4e19]" started-at="2024-04-01T12:42:46 PDT" name="runScenario" description="Runs Cucumber Scenarios" data-provider="scenarios" finished-at="2024-04-01T12:42:47 PDT" duration-ms="872" status="PASS">
          <params>
            <param index="0">
              <value>
                <![CDATA["Admin should be able to update Batch with valid Url,request body and valid end point"]]>
              </value>
            </param>
            <param index="1">
              <value>
                <![CDATA["LMS API All Modules End To End Positive Scenarios"]]>
              </value>
            </param>
          </params>
          <reporter-output>
          </reporter-output>
        </test-method> <!-- runScenario -->
        <test-method signature="runScenario(io.cucumber.testng.PickleWrapper,io.cucumber.testng.FeatureWrapper)[pri:0, instance:lms.runner.TestRunner@1a5a4e19]" started-at="2024-04-01T12:42:47 PDT" name="runScenario" description="Runs Cucumber Scenarios" data-provider="scenarios" finished-at="2024-04-01T12:42:48 PDT" duration-ms="1206" status="PASS">
          <params>
            <param index="0">
              <value>
                <![CDATA["Authorized user able to create new User with Roles from Excel test data"]]>
              </value>
            </param>
            <param index="1">
              <value>
                <![CDATA["LMS API All Modules End To End Positive Scenarios"]]>
              </value>
            </param>
          </params>
          <reporter-output>
          </reporter-output>
        </test-method> <!-- runScenario -->
        <test-method signature="runScenario(io.cucumber.testng.PickleWrapper,io.cucumber.testng.FeatureWrapper)[pri:0, instance:lms.runner.TestRunner@1a5a4e19]" started-at="2024-04-01T12:42:48 PDT" name="runScenario" description="Runs Cucumber Scenarios" data-provider="scenarios" finished-at="2024-04-01T12:42:49 PDT" duration-ms="891" status="PASS">
          <params>
            <param index="0">
              <value>
                <![CDATA["Admin is able to update Admin details with Admin userid and mandatory fields"]]>
              </value>
            </param>
            <param index="1">
              <value>
                <![CDATA["LMS API All Modules End To End Positive Scenarios"]]>
              </value>
            </param>
          </params>
          <reporter-output>
          </reporter-output>
        </test-method> <!-- runScenario -->
        <test-method signature="runScenario(io.cucumber.testng.PickleWrapper,io.cucumber.testng.FeatureWrapper)[pri:0, instance:lms.runner.TestRunner@1a5a4e19]" started-at="2024-04-01T12:42:49 PDT" name="runScenario" description="Runs Cucumber Scenarios" data-provider="scenarios" finished-at="2024-04-01T12:42:50 PDT" duration-ms="926" status="PASS">
          <params>
            <param index="0">
              <value>
                <![CDATA["Check if admin is able to assign Admin to with program/batch by Admin Id"]]>
              </value>
            </param>
            <param index="1">
              <value>
                <![CDATA["LMS API All Modules End To End Positive Scenarios"]]>
              </value>
            </param>
          </params>
          <reporter-output>
          </reporter-output>
        </test-method> <!-- runScenario -->
        <test-method signature="runScenario(io.cucumber.testng.PickleWrapper,io.cucumber.testng.FeatureWrapper)[pri:0, instance:lms.runner.TestRunner@1a5a4e19]" started-at="2024-04-01T12:42:50 PDT" name="runScenario" description="Runs Cucumber Scenarios" data-provider="scenarios" finished-at="2024-04-01T12:42:51 PDT" duration-ms="987" status="PASS">
          <params>
            <param index="0">
              <value>
                <![CDATA["Check if admin is able to retreive all users with assigned program batches"]]>
              </value>
            </param>
            <param index="1">
              <value>
                <![CDATA["LMS API All Modules End To End Positive Scenarios"]]>
              </value>
            </param>
          </params>
          <reporter-output>
          </reporter-output>
        </test-method> <!-- runScenario -->
        <test-method signature="runScenario(io.cucumber.testng.PickleWrapper,io.cucumber.testng.FeatureWrapper)[pri:0, instance:lms.runner.TestRunner@1a5a4e19]" started-at="2024-04-01T12:42:51 PDT" name="runScenario" description="Runs Cucumber Scenarios" data-provider="scenarios" finished-at="2024-04-01T12:42:52 PDT" duration-ms="846" status="PASS">
          <params>
            <param index="0">
              <value>
                <![CDATA["Check if admin is able to retreive assigned program batches for a user"]]>
              </value>
            </param>
            <param index="1">
              <value>
                <![CDATA["LMS API All Modules End To End Positive Scenarios"]]>
              </value>
            </param>
          </params>
          <reporter-output>
          </reporter-output>
        </test-method> <!-- runScenario -->
        <test-method signature="runScenario(io.cucumber.testng.PickleWrapper,io.cucumber.testng.FeatureWrapper)[pri:0, instance:lms.runner.TestRunner@1a5a4e19]" started-at="2024-04-01T12:42:52 PDT" name="runScenario" description="Runs Cucumber Scenarios" data-provider="scenarios" finished-at="2024-04-01T12:42:53 PDT" duration-ms="885" status="PASS">
          <params>
            <param index="0">
              <value>
                <![CDATA["Check if admin able to retrieve all UserRoles with with valid API Endpoint"]]>
              </value>
            </param>
            <param index="1">
              <value>
                <![CDATA["LMS API All Modules End To End Positive Scenarios"]]>
              </value>
            </param>
          </params>
          <reporter-output>
          </reporter-output>
        </test-method> <!-- runScenario -->
        <test-method signature="runScenario(io.cucumber.testng.PickleWrapper,io.cucumber.testng.FeatureWrapper)[pri:0, instance:lms.runner.TestRunner@1a5a4e19]" started-at="2024-04-01T12:42:53 PDT" name="runScenario" description="Runs Cucumber Scenarios" data-provider="scenarios" finished-at="2024-04-01T12:42:54 PDT" duration-ms="1357" status="PASS">
          <params>
            <param index="0">
              <value>
                <![CDATA["Check if admin able to retrieve all User with valid API Endpoint"]]>
              </value>
            </param>
            <param index="1">
              <value>
                <![CDATA["LMS API All Modules End To End Positive Scenarios"]]>
              </value>
            </param>
          </params>
          <reporter-output>
          </reporter-output>
        </test-method> <!-- runScenario -->
        <test-method signature="runScenario(io.cucumber.testng.PickleWrapper,io.cucumber.testng.FeatureWrapper)[pri:0, instance:lms.runner.TestRunner@1a5a4e19]" started-at="2024-04-01T12:42:54 PDT" name="runScenario" description="Runs Cucumber Scenarios" data-provider="scenarios" finished-at="2024-04-01T12:42:55 PDT" duration-ms="821" status="PASS">
          <params>
            <param index="0">
              <value>
                <![CDATA["Check if admin able to retrieve all Userinfo by ID with with valid API Endpoint"]]>
              </value>
            </param>
            <param index="1">
              <value>
                <![CDATA["LMS API All Modules End To End Positive Scenarios"]]>
              </value>
            </param>
          </params>
          <reporter-output>
          </reporter-output>
        </test-method> <!-- runScenario -->
        <test-method signature="runScenario(io.cucumber.testng.PickleWrapper,io.cucumber.testng.FeatureWrapper)[pri:0, instance:lms.runner.TestRunner@1a5a4e19]" started-at="2024-04-01T12:42:55 PDT" name="runScenario" description="Runs Cucumber Scenarios" data-provider="scenarios" finished-at="2024-04-01T12:42:56 PDT" duration-ms="864" status="PASS">
          <params>
            <param index="0">
              <value>
                <![CDATA["Check if admin able to retrieve all ActiveUsers with with valid API Endpoint"]]>
              </value>
            </param>
            <param index="1">
              <value>
                <![CDATA["LMS API All Modules End To End Positive Scenarios"]]>
              </value>
            </param>
          </params>
          <reporter-output>
          </reporter-output>
        </test-method> <!-- runScenario -->
        <test-method signature="runScenario(io.cucumber.testng.PickleWrapper,io.cucumber.testng.FeatureWrapper)[pri:0, instance:lms.runner.TestRunner@1a5a4e19]" started-at="2024-04-01T12:42:56 PDT" name="runScenario" description="Runs Cucumber Scenarios" data-provider="scenarios" finished-at="2024-04-01T12:42:57 PDT" duration-ms="848" status="PASS">
          <params>
            <param index="0">
              <value>
                <![CDATA["Check if admin able to retrieve count users with with valid API Endpoint"]]>
              </value>
            </param>
            <param index="1">
              <value>
                <![CDATA["LMS API All Modules End To End Positive Scenarios"]]>
              </value>
            </param>
          </params>
          <reporter-output>
          </reporter-output>
        </test-method> <!-- runScenario -->
        <test-method signature="runScenario(io.cucumber.testng.PickleWrapper,io.cucumber.testng.FeatureWrapper)[pri:0, instance:lms.runner.TestRunner@1a5a4e19]" started-at="2024-04-01T12:42:57 PDT" name="runScenario" description="Runs Cucumber Scenarios" data-provider="scenarios" finished-at="2024-04-01T12:42:58 PDT" duration-ms="845" status="PASS">
          <params>
            <param index="0">
              <value>
                <![CDATA["Check if admin able to retrieve count users with with valid API Endpoint"]]>
              </value>
            </param>
            <param index="1">
              <value>
                <![CDATA["LMS API All Modules End To End Positive Scenarios"]]>
              </value>
            </param>
          </params>
          <reporter-output>
          </reporter-output>
        </test-method> <!-- runScenario -->
        <test-method signature="runScenario(io.cucumber.testng.PickleWrapper,io.cucumber.testng.FeatureWrapper)[pri:0, instance:lms.runner.TestRunner@1a5a4e19]" started-at="2024-04-01T12:42:58 PDT" name="runScenario" description="Runs Cucumber Scenarios" data-provider="scenarios" finished-at="2024-04-01T12:42:58 PDT" duration-ms="830" status="PASS">
          <params>
            <param index="0">
              <value>
                <![CDATA["Check if admin able to retrieve count users with with valid API Endpoint"]]>
              </value>
            </param>
            <param index="1">
              <value>
                <![CDATA["LMS API All Modules End To End Positive Scenarios"]]>
              </value>
            </param>
          </params>
          <reporter-output>
          </reporter-output>
        </test-method> <!-- runScenario -->
        <test-method signature="runScenario(io.cucumber.testng.PickleWrapper,io.cucumber.testng.FeatureWrapper)[pri:0, instance:lms.runner.TestRunner@1a5a4e19]" started-at="2024-04-01T12:42:58 PDT" name="runScenario" description="Runs Cucumber Scenarios" data-provider="scenarios" finished-at="2024-04-01T12:42:59 PDT" duration-ms="849" status="PASS">
          <params>
            <param index="0">
              <value>
                <![CDATA["Check if admin able to retrieve count users with with valid API Endpoint"]]>
              </value>
            </param>
            <param index="1">
              <value>
                <![CDATA["LMS API All Modules End To End Positive Scenarios"]]>
              </value>
            </param>
          </params>
          <reporter-output>
          </reporter-output>
        </test-method> <!-- runScenario -->
        <test-method signature="runScenario(io.cucumber.testng.PickleWrapper,io.cucumber.testng.FeatureWrapper)[pri:0, instance:lms.runner.TestRunner@1a5a4e19]" started-at="2024-04-01T12:42:59 PDT" name="runScenario" description="Runs Cucumber Scenarios" data-provider="scenarios" finished-at="2024-04-01T12:43:00 PDT" duration-ms="806" status="PASS">
          <params>
            <param index="0">
              <value>
                <![CDATA["Check if admin able to retrieve user by progbatch with with valid API Endpoint"]]>
              </value>
            </param>
            <param index="1">
              <value>
                <![CDATA["LMS API All Modules End To End Positive Scenarios"]]>
              </value>
            </param>
          </params>
          <reporter-output>
          </reporter-output>
        </test-method> <!-- runScenario -->
        <test-method signature="runScenario(io.cucumber.testng.PickleWrapper,io.cucumber.testng.FeatureWrapper)[pri:0, instance:lms.runner.TestRunner@1a5a4e19]" started-at="2024-04-01T12:43:00 PDT" name="runScenario" description="Runs Cucumber Scenarios" data-provider="scenarios" finished-at="2024-04-01T12:43:01 PDT" duration-ms="823" status="PASS">
          <params>
            <param index="0">
              <value>
                <![CDATA["Check if admin able to retrieve userbyprog with with valid API Endpoint"]]>
              </value>
            </param>
            <param index="1">
              <value>
                <![CDATA["LMS API All Modules End To End Positive Scenarios"]]>
              </value>
            </param>
          </params>
          <reporter-output>
          </reporter-output>
        </test-method> <!-- runScenario -->
        <test-method signature="runScenario(io.cucumber.testng.PickleWrapper,io.cucumber.testng.FeatureWrapper)[pri:0, instance:lms.runner.TestRunner@1a5a4e19]" started-at="2024-04-01T12:43:01 PDT" name="runScenario" description="Runs Cucumber Scenarios" data-provider="scenarios" finished-at="2024-04-01T12:43:02 PDT" duration-ms="856" status="PASS">
          <params>
            <param index="0">
              <value>
                <![CDATA["Check if admin able to retrieve UserswithRole with with valid API Endpoint"]]>
              </value>
            </param>
            <param index="1">
              <value>
                <![CDATA["LMS API All Modules End To End Positive Scenarios"]]>
              </value>
            </param>
          </params>
          <reporter-output>
          </reporter-output>
        </test-method> <!-- runScenario -->
        <test-method signature="runScenario(io.cucumber.testng.PickleWrapper,io.cucumber.testng.FeatureWrapper)[pri:0, instance:lms.runner.TestRunner@1a5a4e19]" started-at="2024-04-01T12:43:02 PDT" name="runScenario" description="Runs Cucumber Scenarios" data-provider="scenarios" finished-at="2024-04-01T12:43:03 PDT" duration-ms="986" status="PASS">
          <params>
            <param index="0">
              <value>
                <![CDATA["Check if admin able to retrieve UserswithRoleID with with valid API Endpoint"]]>
              </value>
            </param>
            <param index="1">
              <value>
                <![CDATA["LMS API All Modules End To End Positive Scenarios"]]>
              </value>
            </param>
          </params>
          <reporter-output>
          </reporter-output>
        </test-method> <!-- runScenario -->
        <test-method signature="runScenario(io.cucumber.testng.PickleWrapper,io.cucumber.testng.FeatureWrapper)[pri:0, instance:lms.runner.TestRunner@1a5a4e19]" started-at="2024-04-01T12:43:03 PDT" name="runScenario" description="Runs Cucumber Scenarios" data-provider="scenarios" finished-at="2024-04-01T12:43:04 PDT" duration-ms="1405" status="PASS">
          <params>
            <param index="0">
              <value>
                <![CDATA["Check if admin able to retrieve UserswithFilters with with valid API Endpoint"]]>
              </value>
            </param>
            <param index="1">
              <value>
                <![CDATA["LMS API All Modules End To End Positive Scenarios"]]>
              </value>
            </param>
          </params>
          <reporter-output>
          </reporter-output>
        </test-method> <!-- runScenario -->
        <test-method signature="runScenario(io.cucumber.testng.PickleWrapper,io.cucumber.testng.FeatureWrapper)[pri:0, instance:lms.runner.TestRunner@1a5a4e19]" started-at="2024-04-01T12:43:04 PDT" name="runScenario" description="Runs Cucumber Scenarios" data-provider="scenarios" finished-at="2024-04-01T12:43:05 PDT" duration-ms="903" status="PASS">
          <params>
            <param index="0">
              <value>
                <![CDATA["Admin is able to update User Login Status with Admin userid"]]>
              </value>
            </param>
            <param index="1">
              <value>
                <![CDATA["LMS API All Modules End To End Positive Scenarios"]]>
              </value>
            </param>
          </params>
          <reporter-output>
          </reporter-output>
        </test-method> <!-- runScenario -->
        <test-method signature="runScenario(io.cucumber.testng.PickleWrapper,io.cucumber.testng.FeatureWrapper)[pri:0, instance:lms.runner.TestRunner@1a5a4e19]" started-at="2024-04-01T12:43:05 PDT" name="runScenario" description="Runs Cucumber Scenarios" data-provider="scenarios" finished-at="2024-04-01T12:43:06 PDT" duration-ms="894" status="PASS">
          <params>
            <param index="0">
              <value>
                <![CDATA["Admin is able to assign User to program/batch by Admin userid"]]>
              </value>
            </param>
            <param index="1">
              <value>
                <![CDATA["LMS API All Modules End To End Positive Scenarios"]]>
              </value>
            </param>
          </params>
          <reporter-output>
          </reporter-output>
        </test-method> <!-- runScenario -->
        <test-method signature="runScenario(io.cucumber.testng.PickleWrapper,io.cucumber.testng.FeatureWrapper)[pri:0, instance:lms.runner.TestRunner@1a5a4e19]" started-at="2024-04-01T12:43:06 PDT" name="runScenario" description="Runs Cucumber Scenarios" data-provider="scenarios" finished-at="2024-04-01T12:43:07 PDT" duration-ms="865" status="PASS">
          <params>
            <param index="0">
              <value>
                <![CDATA["Admin should be able to update User RoleID with valid Url,request body and valid end point"]]>
              </value>
            </param>
            <param index="1">
              <value>
                <![CDATA["LMS API All Modules End To End Positive Scenarios"]]>
              </value>
            </param>
          </params>
          <reporter-output>
          </reporter-output>
        </test-method> <!-- runScenario -->
        <test-method signature="runScenario(io.cucumber.testng.PickleWrapper,io.cucumber.testng.FeatureWrapper)[pri:0, instance:lms.runner.TestRunner@1a5a4e19]" started-at="2024-04-01T12:43:07 PDT" name="runScenario" description="Runs Cucumber Scenarios" data-provider="scenarios" finished-at="2024-04-01T12:43:08 PDT" duration-ms="880" status="PASS">
          <params>
            <param index="0">
              <value>
                <![CDATA["Admin should be able to update User Role status with valid Url,request body and valid end point"]]>
              </value>
            </param>
            <param index="1">
              <value>
                <![CDATA["LMS API All Modules End To End Positive Scenarios"]]>
              </value>
            </param>
          </params>
          <reporter-output>
          </reporter-output>
        </test-method> <!-- runScenario -->
        <test-method signature="runScenario(io.cucumber.testng.PickleWrapper,io.cucumber.testng.FeatureWrapper)[pri:0, instance:lms.runner.TestRunner@1a5a4e19]" started-at="2024-04-01T12:43:08 PDT" name="runScenario" description="Runs Cucumber Scenarios" data-provider="scenarios" finished-at="2024-04-01T12:43:09 PDT" duration-ms="825" status="PASS">
          <params>
            <param index="0">
              <value>
                <![CDATA["Check if admin is able to delete the program batch for a user"]]>
              </value>
            </param>
            <param index="1">
              <value>
                <![CDATA["LMS API All Modules End To End Positive Scenarios"]]>
              </value>
            </param>
          </params>
          <reporter-output>
          </reporter-output>
        </test-method> <!-- runScenario -->
        <test-method signature="runScenario(io.cucumber.testng.PickleWrapper,io.cucumber.testng.FeatureWrapper)[pri:0, instance:lms.runner.TestRunner@1a5a4e19]" started-at="2024-04-01T12:43:09 PDT" name="runScenario" description="Runs Cucumber Scenarios" data-provider="scenarios" finished-at="2024-04-01T12:43:09 PDT" duration-ms="839" status="PASS">
          <params>
            <param index="0">
              <value>
                <![CDATA["Authorized admin able to delete User"]]>
              </value>
            </param>
            <param index="1">
              <value>
                <![CDATA["LMS API All Modules End To End Positive Scenarios"]]>
              </value>
            </param>
          </params>
          <reporter-output>
          </reporter-output>
        </test-method> <!-- runScenario -->
        <test-method signature="runScenario(io.cucumber.testng.PickleWrapper,io.cucumber.testng.FeatureWrapper)[pri:0, instance:lms.runner.TestRunner@1a5a4e19]" started-at="2024-04-01T12:43:09 PDT" name="runScenario" description="Runs Cucumber Scenarios" data-provider="scenarios" finished-at="2024-04-01T12:43:10 PDT" duration-ms="1049" status="PASS">
          <params>
            <param index="0">
              <value>
                <![CDATA["Authorized Admin able to delete batch with valid url, end point by valid batch ID"]]>
              </value>
            </param>
            <param index="1">
              <value>
                <![CDATA["LMS API All Modules End To End Positive Scenarios"]]>
              </value>
            </param>
          </params>
          <reporter-output>
          </reporter-output>
        </test-method> <!-- runScenario -->
        <test-method signature="runScenario(io.cucumber.testng.PickleWrapper,io.cucumber.testng.FeatureWrapper)[pri:0, instance:lms.runner.TestRunner@1a5a4e19]" started-at="2024-04-01T12:43:10 PDT" name="runScenario" description="Runs Cucumber Scenarios" data-provider="scenarios" finished-at="2024-04-01T12:43:11 PDT" duration-ms="833" status="PASS">
          <params>
            <param index="0">
              <value>
                <![CDATA["Authorized admin able to delete Program by programID"]]>
              </value>
            </param>
            <param index="1">
              <value>
                <![CDATA["LMS API All Modules End To End Positive Scenarios"]]>
              </value>
            </param>
          </params>
          <reporter-output>
          </reporter-output>
        </test-method> <!-- runScenario -->
        <test-method signature="runScenario(io.cucumber.testng.PickleWrapper,io.cucumber.testng.FeatureWrapper)[pri:0, instance:lms.runner.TestRunner@1a5a4e19]" started-at="2024-04-01T12:43:11 PDT" name="runScenario" description="Runs Cucumber Scenarios" data-provider="scenarios" finished-at="2024-04-01T12:43:12 PDT" duration-ms="827" status="PASS">
          <params>
            <param index="0">
              <value>
                <![CDATA["Authorized admin able to delete Program by programName"]]>
              </value>
            </param>
            <param index="1">
              <value>
                <![CDATA["LMS API All Modules End To End Positive Scenarios"]]>
              </value>
            </param>
          </params>
          <reporter-output>
          </reporter-output>
        </test-method> <!-- runScenario -->
        <test-method signature="runScenario(io.cucumber.testng.PickleWrapper,io.cucumber.testng.FeatureWrapper)[pri:0, instance:lms.runner.TestRunner@1a5a4e19]" started-at="2024-04-01T12:43:12 PDT" name="runScenario" description="Runs Cucumber Scenarios" data-provider="scenarios" finished-at="2024-04-01T12:43:13 PDT" duration-ms="827" status="PASS">
          <params>
            <param index="0">
              <value>
                <![CDATA["Check if Admin able to logout"]]>
              </value>
            </param>
            <param index="1">
              <value>
                <![CDATA["LMS API All Modules End To End Positive Scenarios"]]>
              </value>
            </param>
          </params>
          <reporter-output>
          </reporter-output>
        </test-method> <!-- runScenario -->
        <test-method is-config="true" signature="tearDownClass()[pri:0, instance:lms.runner.TestRunner@1a5a4e19]" started-at="2024-04-01T12:43:13 PDT" name="tearDownClass" finished-at="2024-04-01T12:43:15 PDT" duration-ms="1831" status="PASS">
          <reporter-output>
          </reporter-output>
        </test-method> <!-- tearDownClass -->
      </class> <!-- lms.runner.TestRunner -->
    </test> <!-- Default test -->
  </suite> <!-- Default suite -->
</testng-results>
