<?xml version="1.0" encoding="UTF-8"?>
<testng-results ignored="0" total="14" passed="14" failed="0" skipped="0">
  <reporter-output>
  </reporter-output>
  <suite started-at="2024-04-01T22:44:28 PDT" name="Default suite" finished-at="2024-04-01T22:44:37 PDT" duration-ms="9498">
    <groups>
      <group name="cucumber">
        <method signature="AbstractTestNGCucumberTests.runScenario(io.cucumber.testng.PickleWrapper,io.cucumber.testng.FeatureWrapper)[pri:0, instance:lms.runner.TestRunner@5c86dbc5]" name="runScenario" class="io.cucumber.testng.AbstractTestNGCucumberTests"/>
      </group> <!-- cucumber -->
    </groups>
    <test started-at="2024-04-01T22:44:28 PDT" name="Default test" finished-at="2024-04-01T22:44:37 PDT" duration-ms="9498">
      <class name="lms.runner.TestRunner">
        <test-method is-config="true" signature="setUpClass(org.testng.ITestContext)[pri:0, instance:lms.runner.TestRunner@5c86dbc5]" started-at="2024-04-01T22:44:28 PDT" name="setUpClass" finished-at="2024-04-01T22:44:28 PDT" duration-ms="316" status="PASS">
          <params>
            <param index="0">
              <value>
                <![CDATA[org.testng.TestRunner@66779435]]>
              </value>
            </param>
          </params>
          <reporter-output>
          </reporter-output>
        </test-method> <!-- setUpClass -->
        <test-method signature="runScenario(io.cucumber.testng.PickleWrapper,io.cucumber.testng.FeatureWrapper)[pri:0, instance:lms.runner.TestRunner@5c86dbc5]" started-at="2024-04-01T22:44:28 PDT" name="runScenario" description="Runs Cucumber Scenarios" data-provider="scenarios" finished-at="2024-04-01T22:44:30 PDT" duration-ms="1988" status="PASS">
          <params>
            <param index="0">
              <value>
                <![CDATA["Check if Admin able to generate token with valid credential during Login"]]>
              </value>
            </param>
            <param index="1">
              <value>
                <![CDATA["User Login when Admin sets No Auth"]]>
              </value>
            </param>
          </params>
          <reporter-output>
          </reporter-output>
        </test-method> <!-- runScenario -->
        <test-method signature="runScenario(io.cucumber.testng.PickleWrapper,io.cucumber.testng.FeatureWrapper)[pri:0, instance:lms.runner.TestRunner@5c86dbc5]" started-at="2024-04-01T22:44:30 PDT" name="runScenario" description="Runs Cucumber Scenarios" data-provider="scenarios" finished-at="2024-04-01T22:44:31 PDT" duration-ms="1229" status="PASS">
          <params>
            <param index="0">
              <value>
                <![CDATA["Check if admin is unable to assign program/batch by user Id"]]>
              </value>
            </param>
            <param index="1">
              <value>
                <![CDATA["LMS API User Program Batch Status Module"]]>
              </value>
            </param>
          </params>
          <reporter-output>
          </reporter-output>
        </test-method> <!-- runScenario -->
        <test-method signature="runScenario(io.cucumber.testng.PickleWrapper,io.cucumber.testng.FeatureWrapper)[pri:0, instance:lms.runner.TestRunner@5c86dbc5]" started-at="2024-04-01T22:44:31 PDT" name="runScenario" description="Runs Cucumber Scenarios" data-provider="scenarios" finished-at="2024-04-01T22:44:32 PDT" duration-ms="511" status="PASS">
          <params>
            <param index="0">
              <value>
                <![CDATA["User should not be able to do CRUD operations on PrgmBatchStatus Module with invalid Url"]]>
              </value>
            </param>
            <param index="1">
              <value>
                <![CDATA["LMS API User Program Batch Status Module"]]>
              </value>
            </param>
          </params>
          <reporter-output>
          </reporter-output>
        </test-method> <!-- runScenario -->
        <test-method signature="runScenario(io.cucumber.testng.PickleWrapper,io.cucumber.testng.FeatureWrapper)[pri:0, instance:lms.runner.TestRunner@5c86dbc5]" started-at="2024-04-01T22:44:32 PDT" name="runScenario" description="Runs Cucumber Scenarios" data-provider="scenarios" finished-at="2024-04-01T22:44:32 PDT" duration-ms="629" status="PASS">
          <params>
            <param index="0">
              <value>
                <![CDATA["User should not be able to do CRUD operations on PrgmBatchStatus Module with invalid end point"]]>
              </value>
            </param>
            <param index="1">
              <value>
                <![CDATA["LMS API User Program Batch Status Module"]]>
              </value>
            </param>
          </params>
          <reporter-output>
          </reporter-output>
        </test-method> <!-- runScenario -->
        <test-method signature="runScenario(io.cucumber.testng.PickleWrapper,io.cucumber.testng.FeatureWrapper)[pri:0, instance:lms.runner.TestRunner@5c86dbc5]" started-at="2024-04-01T22:44:32 PDT" name="runScenario" description="Runs Cucumber Scenarios" data-provider="scenarios" finished-at="2024-04-01T22:44:33 PDT" duration-ms="500" status="PASS">
          <params>
            <param index="0">
              <value>
                <![CDATA["Unauthorized user not able to do CRUD operations on PrgmBatchStatus Module"]]>
              </value>
            </param>
            <param index="1">
              <value>
                <![CDATA["LMS API User Program Batch Status Module"]]>
              </value>
            </param>
          </params>
          <reporter-output>
          </reporter-output>
        </test-method> <!-- runScenario -->
        <test-method signature="runScenario(io.cucumber.testng.PickleWrapper,io.cucumber.testng.FeatureWrapper)[pri:0, instance:lms.runner.TestRunner@5c86dbc5]" started-at="2024-04-01T22:44:33 PDT" name="runScenario" description="Runs Cucumber Scenarios" data-provider="scenarios" finished-at="2024-04-01T22:44:33 PDT" duration-ms="460" status="PASS">
          <params>
            <param index="0">
              <value>
                <![CDATA["User should not be able to do CRUD operations on PrgmBatchStatus Module with invalid Url GetAll"]]>
              </value>
            </param>
            <param index="1">
              <value>
                <![CDATA["LMS API User Program Batch Status Module"]]>
              </value>
            </param>
          </params>
          <reporter-output>
          </reporter-output>
        </test-method> <!-- runScenario -->
        <test-method signature="runScenario(io.cucumber.testng.PickleWrapper,io.cucumber.testng.FeatureWrapper)[pri:0, instance:lms.runner.TestRunner@5c86dbc5]" started-at="2024-04-01T22:44:33 PDT" name="runScenario" description="Runs Cucumber Scenarios" data-provider="scenarios" finished-at="2024-04-01T22:44:34 PDT" duration-ms="473" status="PASS">
          <params>
            <param index="0">
              <value>
                <![CDATA["User should not be able to do CRUD operations on PrgmBatchStatus Module with invalid end point GetAll"]]>
              </value>
            </param>
            <param index="1">
              <value>
                <![CDATA["LMS API User Program Batch Status Module"]]>
              </value>
            </param>
          </params>
          <reporter-output>
          </reporter-output>
        </test-method> <!-- runScenario -->
        <test-method signature="runScenario(io.cucumber.testng.PickleWrapper,io.cucumber.testng.FeatureWrapper)[pri:0, instance:lms.runner.TestRunner@5c86dbc5]" started-at="2024-04-01T22:44:34 PDT" name="runScenario" description="Runs Cucumber Scenarios" data-provider="scenarios" finished-at="2024-04-01T22:44:34 PDT" duration-ms="487" status="PASS">
          <params>
            <param index="0">
              <value>
                <![CDATA["Unauthorized user not able to do CRUD operations on PrgmBatchStatus Module GetAll"]]>
              </value>
            </param>
            <param index="1">
              <value>
                <![CDATA["LMS API User Program Batch Status Module"]]>
              </value>
            </param>
          </params>
          <reporter-output>
          </reporter-output>
        </test-method> <!-- runScenario -->
        <test-method signature="runScenario(io.cucumber.testng.PickleWrapper,io.cucumber.testng.FeatureWrapper)[pri:0, instance:lms.runner.TestRunner@5c86dbc5]" started-at="2024-04-01T22:44:34 PDT" name="runScenario" description="Runs Cucumber Scenarios" data-provider="scenarios" finished-at="2024-04-01T22:44:35 PDT" duration-ms="477" status="PASS">
          <params>
            <param index="0">
              <value>
                <![CDATA["User should not be able to do CRUD operations on PrgmBatchStatus Module with invalid Url GET UserID"]]>
              </value>
            </param>
            <param index="1">
              <value>
                <![CDATA["LMS API User Program Batch Status Module"]]>
              </value>
            </param>
          </params>
          <reporter-output>
          </reporter-output>
        </test-method> <!-- runScenario -->
        <test-method signature="runScenario(io.cucumber.testng.PickleWrapper,io.cucumber.testng.FeatureWrapper)[pri:0, instance:lms.runner.TestRunner@5c86dbc5]" started-at="2024-04-01T22:44:35 PDT" name="runScenario" description="Runs Cucumber Scenarios" data-provider="scenarios" finished-at="2024-04-01T22:44:35 PDT" duration-ms="480" status="PASS">
          <params>
            <param index="0">
              <value>
                <![CDATA["User should not be able to do CRUD operations on PrgmBatchStatus Module with invalid end point GET UserID"]]>
              </value>
            </param>
            <param index="1">
              <value>
                <![CDATA["LMS API User Program Batch Status Module"]]>
              </value>
            </param>
          </params>
          <reporter-output>
          </reporter-output>
        </test-method> <!-- runScenario -->
        <test-method signature="runScenario(io.cucumber.testng.PickleWrapper,io.cucumber.testng.FeatureWrapper)[pri:0, instance:lms.runner.TestRunner@5c86dbc5]" started-at="2024-04-01T22:44:35 PDT" name="runScenario" description="Runs Cucumber Scenarios" data-provider="scenarios" finished-at="2024-04-01T22:44:36 PDT" duration-ms="470" status="PASS">
          <params>
            <param index="0">
              <value>
                <![CDATA["Unauthorized user not able to do CRUD operations on PrgmBatchStatus Module GET UserID"]]>
              </value>
            </param>
            <param index="1">
              <value>
                <![CDATA["LMS API User Program Batch Status Module"]]>
              </value>
            </param>
          </params>
          <reporter-output>
          </reporter-output>
        </test-method> <!-- runScenario -->
        <test-method signature="runScenario(io.cucumber.testng.PickleWrapper,io.cucumber.testng.FeatureWrapper)[pri:0, instance:lms.runner.TestRunner@5c86dbc5]" started-at="2024-04-01T22:44:36 PDT" name="runScenario" description="Runs Cucumber Scenarios" data-provider="scenarios" finished-at="2024-04-01T22:44:36 PDT" duration-ms="475" status="PASS">
          <params>
            <param index="0">
              <value>
                <![CDATA["User should not be able to do CRUD operations on PrgmBatchStatus Module with invalid Url Delete"]]>
              </value>
            </param>
            <param index="1">
              <value>
                <![CDATA["LMS API User Program Batch Status Module"]]>
              </value>
            </param>
          </params>
          <reporter-output>
          </reporter-output>
        </test-method> <!-- runScenario -->
        <test-method signature="runScenario(io.cucumber.testng.PickleWrapper,io.cucumber.testng.FeatureWrapper)[pri:0, instance:lms.runner.TestRunner@5c86dbc5]" started-at="2024-04-01T22:44:36 PDT" name="runScenario" description="Runs Cucumber Scenarios" data-provider="scenarios" finished-at="2024-04-01T22:44:37 PDT" duration-ms="438" status="PASS">
          <params>
            <param index="0">
              <value>
                <![CDATA["User should not be able to do CRUD operations on PrgmBatchStatus Module with invalid end point Delete"]]>
              </value>
            </param>
            <param index="1">
              <value>
                <![CDATA["LMS API User Program Batch Status Module"]]>
              </value>
            </param>
          </params>
          <reporter-output>
          </reporter-output>
        </test-method> <!-- runScenario -->
        <test-method signature="runScenario(io.cucumber.testng.PickleWrapper,io.cucumber.testng.FeatureWrapper)[pri:0, instance:lms.runner.TestRunner@5c86dbc5]" started-at="2024-04-01T22:44:37 PDT" name="runScenario" description="Runs Cucumber Scenarios" data-provider="scenarios" finished-at="2024-04-01T22:44:37 PDT" duration-ms="438" status="PASS">
          <params>
            <param index="0">
              <value>
                <![CDATA["Unauthorized user not able to do CRUD operations on PrgmBatchStatus Module Delete"]]>
              </value>
            </param>
            <param index="1">
              <value>
                <![CDATA["LMS API User Program Batch Status Module"]]>
              </value>
            </param>
          </params>
          <reporter-output>
          </reporter-output>
        </test-method> <!-- runScenario -->
        <test-method is-config="true" signature="tearDownClass()[pri:0, instance:lms.runner.TestRunner@5c86dbc5]" started-at="2024-04-01T22:44:37 PDT" name="tearDownClass" finished-at="2024-04-01T22:44:37 PDT" duration-ms="66" status="PASS">
          <reporter-output>
          </reporter-output>
        </test-method> <!-- tearDownClass -->
      </class> <!-- lms.runner.TestRunner -->
    </test> <!-- Default test -->
  </suite> <!-- Default suite -->
</testng-results>
