<?xml version="1.0" encoding="UTF-8"?>
<testng-results ignored="0" total="41" passed="41" failed="0" skipped="0">
  <reporter-output>
  </reporter-output>
  <suite started-at="2024-04-01T13:06:32 PDT" name="Default suite" finished-at="2024-04-01T13:07:38 PDT" duration-ms="66622">
    <groups>
      <group name="cucumber">
        <method signature="AbstractTestNGCucumberTests.runScenario(io.cucumber.testng.PickleWrapper,io.cucumber.testng.FeatureWrapper)[pri:0, instance:lms.runner.TestRunner@5c86dbc5]" name="runScenario" class="io.cucumber.testng.AbstractTestNGCucumberTests"/>
      </group> <!-- cucumber -->
    </groups>
    <test started-at="2024-04-01T13:06:32 PDT" name="Default test" finished-at="2024-04-01T13:07:38 PDT" duration-ms="66622">
      <class name="lms.runner.TestRunner">
        <test-method is-config="true" signature="setUpClass(org.testng.ITestContext)[pri:0, instance:lms.runner.TestRunner@5c86dbc5]" started-at="2024-04-01T13:06:32 PDT" name="setUpClass" finished-at="2024-04-01T13:06:34 PDT" duration-ms="2272" status="PASS">
          <params>
            <param index="0">
              <value>
                <![CDATA[org.testng.TestRunner@8b24111]]>
              </value>
            </param>
          </params>
          <reporter-output>
          </reporter-output>
        </test-method> <!-- setUpClass -->
        <test-method signature="runScenario(io.cucumber.testng.PickleWrapper,io.cucumber.testng.FeatureWrapper)[pri:0, instance:lms.runner.TestRunner@5c86dbc5]" started-at="2024-04-01T13:06:34 PDT" name="runScenario" description="Runs Cucumber Scenarios" data-provider="scenarios" finished-at="2024-04-01T13:06:41 PDT" duration-ms="7217" status="PASS">
          <params>
            <param index="0">
              <value>
                <![CDATA["Authorized admin able to create new Program with test data from Excel"]]>
              </value>
            </param>
            <param index="1">
              <value>
                <![CDATA["LMS API All Modules End To End Positive Scenarios"]]>
              </value>
            </param>
          </params>
          <reporter-output>
          </reporter-output>
        </test-method> <!-- runScenario -->
        <test-method signature="runScenario(io.cucumber.testng.PickleWrapper,io.cucumber.testng.FeatureWrapper)[pri:0, instance:lms.runner.TestRunner@5c86dbc5]" started-at="2024-04-01T13:06:41 PDT" name="runScenario" description="Runs Cucumber Scenarios" data-provider="scenarios" finished-at="2024-04-01T13:06:43 PDT" duration-ms="1280" status="PASS">
          <params>
            <param index="0">
              <value>
                <![CDATA["Check if admin able to retrieve all programs with valid API Endpoint"]]>
              </value>
            </param>
            <param index="1">
              <value>
                <![CDATA["LMS API All Modules End To End Positive Scenarios"]]>
              </value>
            </param>
          </params>
          <reporter-output>
          </reporter-output>
        </test-method> <!-- runScenario -->
        <test-method signature="runScenario(io.cucumber.testng.PickleWrapper,io.cucumber.testng.FeatureWrapper)[pri:0, instance:lms.runner.TestRunner@5c86dbc5]" started-at="2024-04-01T13:06:43 PDT" name="runScenario" description="Runs Cucumber Scenarios" data-provider="scenarios" finished-at="2024-04-01T13:06:44 PDT" duration-ms="1261" status="PASS">
          <params>
            <param index="0">
              <value>
                <![CDATA["Check if admin able to retrieve program by programID with valid API Endpoint"]]>
              </value>
            </param>
            <param index="1">
              <value>
                <![CDATA["LMS API All Modules End To End Positive Scenarios"]]>
              </value>
            </param>
          </params>
          <reporter-output>
          </reporter-output>
        </test-method> <!-- runScenario -->
        <test-method signature="runScenario(io.cucumber.testng.PickleWrapper,io.cucumber.testng.FeatureWrapper)[pri:0, instance:lms.runner.TestRunner@5c86dbc5]" started-at="2024-04-01T13:06:44 PDT" name="runScenario" description="Runs Cucumber Scenarios" data-provider="scenarios" finished-at="2024-04-01T13:06:46 PDT" duration-ms="1601" status="PASS">
          <params>
            <param index="0">
              <value>
                <![CDATA["Check if admin able to retrieve program with User details for valid API Endpoint"]]>
              </value>
            </param>
            <param index="1">
              <value>
                <![CDATA["LMS API All Modules End To End Positive Scenarios"]]>
              </value>
            </param>
          </params>
          <reporter-output>
          </reporter-output>
        </test-method> <!-- runScenario -->
        <test-method signature="runScenario(io.cucumber.testng.PickleWrapper,io.cucumber.testng.FeatureWrapper)[pri:0, instance:lms.runner.TestRunner@5c86dbc5]" started-at="2024-04-01T13:06:46 PDT" name="runScenario" description="Runs Cucumber Scenarios" data-provider="scenarios" finished-at="2024-04-01T13:06:47 PDT" duration-ms="1466" status="PASS">
          <params>
            <param index="0">
              <value>
                <![CDATA["Authorized admin able to update Program by programID with test data from Excel"]]>
              </value>
            </param>
            <param index="1">
              <value>
                <![CDATA["LMS API All Modules End To End Positive Scenarios"]]>
              </value>
            </param>
          </params>
          <reporter-output>
          </reporter-output>
        </test-method> <!-- runScenario -->
        <test-method signature="runScenario(io.cucumber.testng.PickleWrapper,io.cucumber.testng.FeatureWrapper)[pri:0, instance:lms.runner.TestRunner@5c86dbc5]" started-at="2024-04-01T13:06:47 PDT" name="runScenario" description="Runs Cucumber Scenarios" data-provider="scenarios" finished-at="2024-04-01T13:06:48 PDT" duration-ms="1448" status="PASS">
          <params>
            <param index="0">
              <value>
                <![CDATA["Authorized admin able to update Program by programName with test data from Excel"]]>
              </value>
            </param>
            <param index="1">
              <value>
                <![CDATA["LMS API All Modules End To End Positive Scenarios"]]>
              </value>
            </param>
          </params>
          <reporter-output>
          </reporter-output>
        </test-method> <!-- runScenario -->
        <test-method signature="runScenario(io.cucumber.testng.PickleWrapper,io.cucumber.testng.FeatureWrapper)[pri:0, instance:lms.runner.TestRunner@5c86dbc5]" started-at="2024-04-01T13:06:48 PDT" name="runScenario" description="Runs Cucumber Scenarios" data-provider="scenarios" finished-at="2024-04-01T13:06:50 PDT" duration-ms="1336" status="PASS">
          <params>
            <param index="0">
              <value>
                <![CDATA["Authorized Admin able to create new Batch"]]>
              </value>
            </param>
            <param index="1">
              <value>
                <![CDATA["LMS API All Modules End To End Positive Scenarios"]]>
              </value>
            </param>
          </params>
          <reporter-output>
          </reporter-output>
        </test-method> <!-- runScenario -->
        <test-method signature="runScenario(io.cucumber.testng.PickleWrapper,io.cucumber.testng.FeatureWrapper)[pri:0, instance:lms.runner.TestRunner@5c86dbc5]" started-at="2024-04-01T13:06:50 PDT" name="runScenario" description="Runs Cucumber Scenarios" data-provider="scenarios" finished-at="2024-04-01T13:06:51 PDT" duration-ms="1548" status="PASS">
          <params>
            <param index="0">
              <value>
                <![CDATA[": Authorized Admin able to view all Batches"]]>
              </value>
            </param>
            <param index="1">
              <value>
                <![CDATA["LMS API All Modules End To End Positive Scenarios"]]>
              </value>
            </param>
          </params>
          <reporter-output>
          </reporter-output>
        </test-method> <!-- runScenario -->
        <test-method signature="runScenario(io.cucumber.testng.PickleWrapper,io.cucumber.testng.FeatureWrapper)[pri:0, instance:lms.runner.TestRunner@5c86dbc5]" started-at="2024-04-01T13:06:51 PDT" name="runScenario" description="Runs Cucumber Scenarios" data-provider="scenarios" finished-at="2024-04-01T13:06:53 PDT" duration-ms="1404" status="PASS">
          <params>
            <param index="0">
              <value>
                <![CDATA[": Authorized Admin able to view all Batches"]]>
              </value>
            </param>
            <param index="1">
              <value>
                <![CDATA["LMS API All Modules End To End Positive Scenarios"]]>
              </value>
            </param>
          </params>
          <reporter-output>
          </reporter-output>
        </test-method> <!-- runScenario -->
        <test-method signature="runScenario(io.cucumber.testng.PickleWrapper,io.cucumber.testng.FeatureWrapper)[pri:0, instance:lms.runner.TestRunner@5c86dbc5]" started-at="2024-04-01T13:06:53 PDT" name="runScenario" description="Runs Cucumber Scenarios" data-provider="scenarios" finished-at="2024-04-01T13:06:54 PDT" duration-ms="1193" status="PASS">
          <params>
            <param index="0">
              <value>
                <![CDATA["Authorized Admin able to view respective Batch with valid endpoint,valid url,valid batchID"]]>
              </value>
            </param>
            <param index="1">
              <value>
                <![CDATA["LMS API All Modules End To End Positive Scenarios"]]>
              </value>
            </param>
          </params>
          <reporter-output>
          </reporter-output>
        </test-method> <!-- runScenario -->
        <test-method signature="runScenario(io.cucumber.testng.PickleWrapper,io.cucumber.testng.FeatureWrapper)[pri:0, instance:lms.runner.TestRunner@5c86dbc5]" started-at="2024-04-01T13:06:54 PDT" name="runScenario" description="Runs Cucumber Scenarios" data-provider="scenarios" finished-at="2024-04-01T13:06:55 PDT" duration-ms="1248" status="PASS">
          <params>
            <param index="0">
              <value>
                <![CDATA["Authorized Admin able to view respective Batch with valid endpoint,valid url,valid programID"]]>
              </value>
            </param>
            <param index="1">
              <value>
                <![CDATA["LMS API All Modules End To End Positive Scenarios"]]>
              </value>
            </param>
          </params>
          <reporter-output>
          </reporter-output>
        </test-method> <!-- runScenario -->
        <test-method signature="runScenario(io.cucumber.testng.PickleWrapper,io.cucumber.testng.FeatureWrapper)[pri:0, instance:lms.runner.TestRunner@5c86dbc5]" started-at="2024-04-01T13:06:55 PDT" name="runScenario" description="Runs Cucumber Scenarios" data-provider="scenarios" finished-at="2024-04-01T13:06:56 PDT" duration-ms="1251" status="PASS">
          <params>
            <param index="0">
              <value>
                <![CDATA["Authorized Admin able to view respective Batch with valid endpoint,valid url,valid batchName"]]>
              </value>
            </param>
            <param index="1">
              <value>
                <![CDATA["LMS API All Modules End To End Positive Scenarios"]]>
              </value>
            </param>
          </params>
          <reporter-output>
          </reporter-output>
        </test-method> <!-- runScenario -->
        <test-method signature="runScenario(io.cucumber.testng.PickleWrapper,io.cucumber.testng.FeatureWrapper)[pri:0, instance:lms.runner.TestRunner@5c86dbc5]" started-at="2024-04-01T13:06:56 PDT" name="runScenario" description="Runs Cucumber Scenarios" data-provider="scenarios" finished-at="2024-04-01T13:06:58 PDT" duration-ms="1324" status="PASS">
          <params>
            <param index="0">
              <value>
                <![CDATA["Admin should be able to update Batch with valid Url,request body and valid end point"]]>
              </value>
            </param>
            <param index="1">
              <value>
                <![CDATA["LMS API All Modules End To End Positive Scenarios"]]>
              </value>
            </param>
          </params>
          <reporter-output>
          </reporter-output>
        </test-method> <!-- runScenario -->
        <test-method signature="runScenario(io.cucumber.testng.PickleWrapper,io.cucumber.testng.FeatureWrapper)[pri:0, instance:lms.runner.TestRunner@5c86dbc5]" started-at="2024-04-01T13:06:58 PDT" name="runScenario" description="Runs Cucumber Scenarios" data-provider="scenarios" finished-at="2024-04-01T13:07:00 PDT" duration-ms="1741" status="PASS">
          <params>
            <param index="0">
              <value>
                <![CDATA["Authorized user able to create new User with Roles from Excel test data"]]>
              </value>
            </param>
            <param index="1">
              <value>
                <![CDATA["LMS API All Modules End To End Positive Scenarios"]]>
              </value>
            </param>
          </params>
          <reporter-output>
          </reporter-output>
        </test-method> <!-- runScenario -->
        <test-method signature="runScenario(io.cucumber.testng.PickleWrapper,io.cucumber.testng.FeatureWrapper)[pri:0, instance:lms.runner.TestRunner@5c86dbc5]" started-at="2024-04-01T13:07:00 PDT" name="runScenario" description="Runs Cucumber Scenarios" data-provider="scenarios" finished-at="2024-04-01T13:07:01 PDT" duration-ms="1308" status="PASS">
          <params>
            <param index="0">
              <value>
                <![CDATA["Admin is able to update Admin details with Admin userid and mandatory fields"]]>
              </value>
            </param>
            <param index="1">
              <value>
                <![CDATA["LMS API All Modules End To End Positive Scenarios"]]>
              </value>
            </param>
          </params>
          <reporter-output>
          </reporter-output>
        </test-method> <!-- runScenario -->
        <test-method signature="runScenario(io.cucumber.testng.PickleWrapper,io.cucumber.testng.FeatureWrapper)[pri:0, instance:lms.runner.TestRunner@5c86dbc5]" started-at="2024-04-01T13:07:01 PDT" name="runScenario" description="Runs Cucumber Scenarios" data-provider="scenarios" finished-at="2024-04-01T13:07:02 PDT" duration-ms="1353" status="PASS">
          <params>
            <param index="0">
              <value>
                <![CDATA["Check if admin is able to assign Admin to with program/batch by Admin Id"]]>
              </value>
            </param>
            <param index="1">
              <value>
                <![CDATA["LMS API All Modules End To End Positive Scenarios"]]>
              </value>
            </param>
          </params>
          <reporter-output>
          </reporter-output>
        </test-method> <!-- runScenario -->
        <test-method signature="runScenario(io.cucumber.testng.PickleWrapper,io.cucumber.testng.FeatureWrapper)[pri:0, instance:lms.runner.TestRunner@5c86dbc5]" started-at="2024-04-01T13:07:02 PDT" name="runScenario" description="Runs Cucumber Scenarios" data-provider="scenarios" finished-at="2024-04-01T13:07:04 PDT" duration-ms="1371" status="PASS">
          <params>
            <param index="0">
              <value>
                <![CDATA["Check if admin is able to retreive all users with assigned program batches"]]>
              </value>
            </param>
            <param index="1">
              <value>
                <![CDATA["LMS API All Modules End To End Positive Scenarios"]]>
              </value>
            </param>
          </params>
          <reporter-output>
          </reporter-output>
        </test-method> <!-- runScenario -->
        <test-method signature="runScenario(io.cucumber.testng.PickleWrapper,io.cucumber.testng.FeatureWrapper)[pri:0, instance:lms.runner.TestRunner@5c86dbc5]" started-at="2024-04-01T13:07:04 PDT" name="runScenario" description="Runs Cucumber Scenarios" data-provider="scenarios" finished-at="2024-04-01T13:07:05 PDT" duration-ms="1187" status="PASS">
          <params>
            <param index="0">
              <value>
                <![CDATA["Check if admin is able to retreive assigned program batches for a user"]]>
              </value>
            </param>
            <param index="1">
              <value>
                <![CDATA["LMS API All Modules End To End Positive Scenarios"]]>
              </value>
            </param>
          </params>
          <reporter-output>
          </reporter-output>
        </test-method> <!-- runScenario -->
        <test-method signature="runScenario(io.cucumber.testng.PickleWrapper,io.cucumber.testng.FeatureWrapper)[pri:0, instance:lms.runner.TestRunner@5c86dbc5]" started-at="2024-04-01T13:07:05 PDT" name="runScenario" description="Runs Cucumber Scenarios" data-provider="scenarios" finished-at="2024-04-01T13:07:06 PDT" duration-ms="1223" status="PASS">
          <params>
            <param index="0">
              <value>
                <![CDATA["Check if admin able to retrieve all UserRoles with with valid API Endpoint"]]>
              </value>
            </param>
            <param index="1">
              <value>
                <![CDATA["LMS API All Modules End To End Positive Scenarios"]]>
              </value>
            </param>
          </params>
          <reporter-output>
          </reporter-output>
        </test-method> <!-- runScenario -->
        <test-method signature="runScenario(io.cucumber.testng.PickleWrapper,io.cucumber.testng.FeatureWrapper)[pri:0, instance:lms.runner.TestRunner@5c86dbc5]" started-at="2024-04-01T13:07:06 PDT" name="runScenario" description="Runs Cucumber Scenarios" data-provider="scenarios" finished-at="2024-04-01T13:07:08 PDT" duration-ms="1804" status="PASS">
          <params>
            <param index="0">
              <value>
                <![CDATA["Check if admin able to retrieve all User with valid API Endpoint"]]>
              </value>
            </param>
            <param index="1">
              <value>
                <![CDATA["LMS API All Modules End To End Positive Scenarios"]]>
              </value>
            </param>
          </params>
          <reporter-output>
          </reporter-output>
        </test-method> <!-- runScenario -->
        <test-method signature="runScenario(io.cucumber.testng.PickleWrapper,io.cucumber.testng.FeatureWrapper)[pri:0, instance:lms.runner.TestRunner@5c86dbc5]" started-at="2024-04-01T13:07:08 PDT" name="runScenario" description="Runs Cucumber Scenarios" data-provider="scenarios" finished-at="2024-04-01T13:07:09 PDT" duration-ms="1282" status="PASS">
          <params>
            <param index="0">
              <value>
                <![CDATA["Check if admin able to retrieve all Userinfo by ID with with valid API Endpoint"]]>
              </value>
            </param>
            <param index="1">
              <value>
                <![CDATA["LMS API All Modules End To End Positive Scenarios"]]>
              </value>
            </param>
          </params>
          <reporter-output>
          </reporter-output>
        </test-method> <!-- runScenario -->
        <test-method signature="runScenario(io.cucumber.testng.PickleWrapper,io.cucumber.testng.FeatureWrapper)[pri:0, instance:lms.runner.TestRunner@5c86dbc5]" started-at="2024-04-01T13:07:09 PDT" name="runScenario" description="Runs Cucumber Scenarios" data-provider="scenarios" finished-at="2024-04-01T13:07:10 PDT" duration-ms="1212" status="PASS">
          <params>
            <param index="0">
              <value>
                <![CDATA["Check if admin able to retrieve all ActiveUsers with with valid API Endpoint"]]>
              </value>
            </param>
            <param index="1">
              <value>
                <![CDATA["LMS API All Modules End To End Positive Scenarios"]]>
              </value>
            </param>
          </params>
          <reporter-output>
          </reporter-output>
        </test-method> <!-- runScenario -->
        <test-method signature="runScenario(io.cucumber.testng.PickleWrapper,io.cucumber.testng.FeatureWrapper)[pri:0, instance:lms.runner.TestRunner@5c86dbc5]" started-at="2024-04-01T13:07:10 PDT" name="runScenario" description="Runs Cucumber Scenarios" data-provider="scenarios" finished-at="2024-04-01T13:07:12 PDT" duration-ms="1186" status="PASS">
          <params>
            <param index="0">
              <value>
                <![CDATA["Check if admin able to retrieve count users with with valid API Endpoint"]]>
              </value>
            </param>
            <param index="1">
              <value>
                <![CDATA["LMS API All Modules End To End Positive Scenarios"]]>
              </value>
            </param>
          </params>
          <reporter-output>
          </reporter-output>
        </test-method> <!-- runScenario -->
        <test-method signature="runScenario(io.cucumber.testng.PickleWrapper,io.cucumber.testng.FeatureWrapper)[pri:0, instance:lms.runner.TestRunner@5c86dbc5]" started-at="2024-04-01T13:07:12 PDT" name="runScenario" description="Runs Cucumber Scenarios" data-provider="scenarios" finished-at="2024-04-01T13:07:13 PDT" duration-ms="1174" status="PASS">
          <params>
            <param index="0">
              <value>
                <![CDATA["Check if admin able to retrieve count users with with valid API Endpoint"]]>
              </value>
            </param>
            <param index="1">
              <value>
                <![CDATA["LMS API All Modules End To End Positive Scenarios"]]>
              </value>
            </param>
          </params>
          <reporter-output>
          </reporter-output>
        </test-method> <!-- runScenario -->
        <test-method signature="runScenario(io.cucumber.testng.PickleWrapper,io.cucumber.testng.FeatureWrapper)[pri:0, instance:lms.runner.TestRunner@5c86dbc5]" started-at="2024-04-01T13:07:13 PDT" name="runScenario" description="Runs Cucumber Scenarios" data-provider="scenarios" finished-at="2024-04-01T13:07:14 PDT" duration-ms="1134" status="PASS">
          <params>
            <param index="0">
              <value>
                <![CDATA["Check if admin able to retrieve count users with with valid API Endpoint"]]>
              </value>
            </param>
            <param index="1">
              <value>
                <![CDATA["LMS API All Modules End To End Positive Scenarios"]]>
              </value>
            </param>
          </params>
          <reporter-output>
          </reporter-output>
        </test-method> <!-- runScenario -->
        <test-method signature="runScenario(io.cucumber.testng.PickleWrapper,io.cucumber.testng.FeatureWrapper)[pri:0, instance:lms.runner.TestRunner@5c86dbc5]" started-at="2024-04-01T13:07:14 PDT" name="runScenario" description="Runs Cucumber Scenarios" data-provider="scenarios" finished-at="2024-04-01T13:07:15 PDT" duration-ms="1156" status="PASS">
          <params>
            <param index="0">
              <value>
                <![CDATA["Check if admin able to retrieve count users with with valid API Endpoint"]]>
              </value>
            </param>
            <param index="1">
              <value>
                <![CDATA["LMS API All Modules End To End Positive Scenarios"]]>
              </value>
            </param>
          </params>
          <reporter-output>
          </reporter-output>
        </test-method> <!-- runScenario -->
        <test-method signature="runScenario(io.cucumber.testng.PickleWrapper,io.cucumber.testng.FeatureWrapper)[pri:0, instance:lms.runner.TestRunner@5c86dbc5]" started-at="2024-04-01T13:07:15 PDT" name="runScenario" description="Runs Cucumber Scenarios" data-provider="scenarios" finished-at="2024-04-01T13:07:16 PDT" duration-ms="1141" status="PASS">
          <params>
            <param index="0">
              <value>
                <![CDATA["Check if admin able to retrieve user by progbatch with with valid API Endpoint"]]>
              </value>
            </param>
            <param index="1">
              <value>
                <![CDATA["LMS API All Modules End To End Positive Scenarios"]]>
              </value>
            </param>
          </params>
          <reporter-output>
          </reporter-output>
        </test-method> <!-- runScenario -->
        <test-method signature="runScenario(io.cucumber.testng.PickleWrapper,io.cucumber.testng.FeatureWrapper)[pri:0, instance:lms.runner.TestRunner@5c86dbc5]" started-at="2024-04-01T13:07:16 PDT" name="runScenario" description="Runs Cucumber Scenarios" data-provider="scenarios" finished-at="2024-04-01T13:07:17 PDT" duration-ms="1207" status="PASS">
          <params>
            <param index="0">
              <value>
                <![CDATA["Check if admin able to retrieve userbyprog with with valid API Endpoint"]]>
              </value>
            </param>
            <param index="1">
              <value>
                <![CDATA["LMS API All Modules End To End Positive Scenarios"]]>
              </value>
            </param>
          </params>
          <reporter-output>
          </reporter-output>
        </test-method> <!-- runScenario -->
        <test-method signature="runScenario(io.cucumber.testng.PickleWrapper,io.cucumber.testng.FeatureWrapper)[pri:0, instance:lms.runner.TestRunner@5c86dbc5]" started-at="2024-04-01T13:07:17 PDT" name="runScenario" description="Runs Cucumber Scenarios" data-provider="scenarios" finished-at="2024-04-01T13:07:18 PDT" duration-ms="1151" status="PASS">
          <params>
            <param index="0">
              <value>
                <![CDATA["Check if admin able to retrieve UserswithRole with with valid API Endpoint"]]>
              </value>
            </param>
            <param index="1">
              <value>
                <![CDATA["LMS API All Modules End To End Positive Scenarios"]]>
              </value>
            </param>
          </params>
          <reporter-output>
          </reporter-output>
        </test-method> <!-- runScenario -->
        <test-method signature="runScenario(io.cucumber.testng.PickleWrapper,io.cucumber.testng.FeatureWrapper)[pri:0, instance:lms.runner.TestRunner@5c86dbc5]" started-at="2024-04-01T13:07:18 PDT" name="runScenario" description="Runs Cucumber Scenarios" data-provider="scenarios" finished-at="2024-04-01T13:07:20 PDT" duration-ms="1284" status="PASS">
          <params>
            <param index="0">
              <value>
                <![CDATA["Check if admin able to retrieve UserswithRoleID with with valid API Endpoint"]]>
              </value>
            </param>
            <param index="1">
              <value>
                <![CDATA["LMS API All Modules End To End Positive Scenarios"]]>
              </value>
            </param>
          </params>
          <reporter-output>
          </reporter-output>
        </test-method> <!-- runScenario -->
        <test-method signature="runScenario(io.cucumber.testng.PickleWrapper,io.cucumber.testng.FeatureWrapper)[pri:0, instance:lms.runner.TestRunner@5c86dbc5]" started-at="2024-04-01T13:07:20 PDT" name="runScenario" description="Runs Cucumber Scenarios" data-provider="scenarios" finished-at="2024-04-01T13:07:21 PDT" duration-ms="1679" status="PASS">
          <params>
            <param index="0">
              <value>
                <![CDATA["Check if admin able to retrieve UserswithFilters with with valid API Endpoint"]]>
              </value>
            </param>
            <param index="1">
              <value>
                <![CDATA["LMS API All Modules End To End Positive Scenarios"]]>
              </value>
            </param>
          </params>
          <reporter-output>
          </reporter-output>
        </test-method> <!-- runScenario -->
        <test-method signature="runScenario(io.cucumber.testng.PickleWrapper,io.cucumber.testng.FeatureWrapper)[pri:0, instance:lms.runner.TestRunner@5c86dbc5]" started-at="2024-04-01T13:07:21 PDT" name="runScenario" description="Runs Cucumber Scenarios" data-provider="scenarios" finished-at="2024-04-01T13:07:23 PDT" duration-ms="1301" status="PASS">
          <params>
            <param index="0">
              <value>
                <![CDATA["Admin is able to update User Login Status with Admin userid"]]>
              </value>
            </param>
            <param index="1">
              <value>
                <![CDATA["LMS API All Modules End To End Positive Scenarios"]]>
              </value>
            </param>
          </params>
          <reporter-output>
          </reporter-output>
        </test-method> <!-- runScenario -->
        <test-method signature="runScenario(io.cucumber.testng.PickleWrapper,io.cucumber.testng.FeatureWrapper)[pri:0, instance:lms.runner.TestRunner@5c86dbc5]" started-at="2024-04-01T13:07:23 PDT" name="runScenario" description="Runs Cucumber Scenarios" data-provider="scenarios" finished-at="2024-04-01T13:07:24 PDT" duration-ms="1267" status="PASS">
          <params>
            <param index="0">
              <value>
                <![CDATA["Admin is able to assign User to program/batch by Admin userid"]]>
              </value>
            </param>
            <param index="1">
              <value>
                <![CDATA["LMS API All Modules End To End Positive Scenarios"]]>
              </value>
            </param>
          </params>
          <reporter-output>
          </reporter-output>
        </test-method> <!-- runScenario -->
        <test-method signature="runScenario(io.cucumber.testng.PickleWrapper,io.cucumber.testng.FeatureWrapper)[pri:0, instance:lms.runner.TestRunner@5c86dbc5]" started-at="2024-04-01T13:07:24 PDT" name="runScenario" description="Runs Cucumber Scenarios" data-provider="scenarios" finished-at="2024-04-01T13:07:25 PDT" duration-ms="1231" status="PASS">
          <params>
            <param index="0">
              <value>
                <![CDATA["Admin should be able to update User RoleID with valid Url,request body and valid end point"]]>
              </value>
            </param>
            <param index="1">
              <value>
                <![CDATA["LMS API All Modules End To End Positive Scenarios"]]>
              </value>
            </param>
          </params>
          <reporter-output>
          </reporter-output>
        </test-method> <!-- runScenario -->
        <test-method signature="runScenario(io.cucumber.testng.PickleWrapper,io.cucumber.testng.FeatureWrapper)[pri:0, instance:lms.runner.TestRunner@5c86dbc5]" started-at="2024-04-01T13:07:25 PDT" name="runScenario" description="Runs Cucumber Scenarios" data-provider="scenarios" finished-at="2024-04-01T13:07:26 PDT" duration-ms="1222" status="PASS">
          <params>
            <param index="0">
              <value>
                <![CDATA["Admin should be able to update User Role status with valid Url,request body and valid end point"]]>
              </value>
            </param>
            <param index="1">
              <value>
                <![CDATA["LMS API All Modules End To End Positive Scenarios"]]>
              </value>
            </param>
          </params>
          <reporter-output>
          </reporter-output>
        </test-method> <!-- runScenario -->
        <test-method signature="runScenario(io.cucumber.testng.PickleWrapper,io.cucumber.testng.FeatureWrapper)[pri:0, instance:lms.runner.TestRunner@5c86dbc5]" started-at="2024-04-01T13:07:26 PDT" name="runScenario" description="Runs Cucumber Scenarios" data-provider="scenarios" finished-at="2024-04-01T13:07:28 PDT" duration-ms="1155" status="PASS">
          <params>
            <param index="0">
              <value>
                <![CDATA["Check if admin is able to delete the program batch for a user"]]>
              </value>
            </param>
            <param index="1">
              <value>
                <![CDATA["LMS API All Modules End To End Positive Scenarios"]]>
              </value>
            </param>
          </params>
          <reporter-output>
          </reporter-output>
        </test-method> <!-- runScenario -->
        <test-method signature="runScenario(io.cucumber.testng.PickleWrapper,io.cucumber.testng.FeatureWrapper)[pri:0, instance:lms.runner.TestRunner@5c86dbc5]" started-at="2024-04-01T13:07:28 PDT" name="runScenario" description="Runs Cucumber Scenarios" data-provider="scenarios" finished-at="2024-04-01T13:07:29 PDT" duration-ms="1238" status="PASS">
          <params>
            <param index="0">
              <value>
                <![CDATA["Authorized admin able to delete User"]]>
              </value>
            </param>
            <param index="1">
              <value>
                <![CDATA["LMS API All Modules End To End Positive Scenarios"]]>
              </value>
            </param>
          </params>
          <reporter-output>
          </reporter-output>
        </test-method> <!-- runScenario -->
        <test-method signature="runScenario(io.cucumber.testng.PickleWrapper,io.cucumber.testng.FeatureWrapper)[pri:0, instance:lms.runner.TestRunner@5c86dbc5]" started-at="2024-04-01T13:07:29 PDT" name="runScenario" description="Runs Cucumber Scenarios" data-provider="scenarios" finished-at="2024-04-01T13:07:30 PDT" duration-ms="1210" status="PASS">
          <params>
            <param index="0">
              <value>
                <![CDATA["Authorized Admin able to delete batch with valid url, end point by valid batch ID"]]>
              </value>
            </param>
            <param index="1">
              <value>
                <![CDATA["LMS API All Modules End To End Positive Scenarios"]]>
              </value>
            </param>
          </params>
          <reporter-output>
          </reporter-output>
        </test-method> <!-- runScenario -->
        <test-method signature="runScenario(io.cucumber.testng.PickleWrapper,io.cucumber.testng.FeatureWrapper)[pri:0, instance:lms.runner.TestRunner@5c86dbc5]" started-at="2024-04-01T13:07:30 PDT" name="runScenario" description="Runs Cucumber Scenarios" data-provider="scenarios" finished-at="2024-04-01T13:07:31 PDT" duration-ms="1132" status="PASS">
          <params>
            <param index="0">
              <value>
                <![CDATA["Authorized admin able to delete Program by programID"]]>
              </value>
            </param>
            <param index="1">
              <value>
                <![CDATA["LMS API All Modules End To End Positive Scenarios"]]>
              </value>
            </param>
          </params>
          <reporter-output>
          </reporter-output>
        </test-method> <!-- runScenario -->
        <test-method signature="runScenario(io.cucumber.testng.PickleWrapper,io.cucumber.testng.FeatureWrapper)[pri:0, instance:lms.runner.TestRunner@5c86dbc5]" started-at="2024-04-01T13:07:31 PDT" name="runScenario" description="Runs Cucumber Scenarios" data-provider="scenarios" finished-at="2024-04-01T13:07:32 PDT" duration-ms="1138" status="PASS">
          <params>
            <param index="0">
              <value>
                <![CDATA["Authorized admin able to delete Program by programName"]]>
              </value>
            </param>
            <param index="1">
              <value>
                <![CDATA["LMS API All Modules End To End Positive Scenarios"]]>
              </value>
            </param>
          </params>
          <reporter-output>
          </reporter-output>
        </test-method> <!-- runScenario -->
        <test-method signature="runScenario(io.cucumber.testng.PickleWrapper,io.cucumber.testng.FeatureWrapper)[pri:0, instance:lms.runner.TestRunner@5c86dbc5]" started-at="2024-04-01T13:07:32 PDT" name="runScenario" description="Runs Cucumber Scenarios" data-provider="scenarios" finished-at="2024-04-01T13:07:34 PDT" duration-ms="1161" status="PASS">
          <params>
            <param index="0">
              <value>
                <![CDATA["Check if Admin able to logout"]]>
              </value>
            </param>
            <param index="1">
              <value>
                <![CDATA["LMS API All Modules End To End Positive Scenarios"]]>
              </value>
            </param>
          </params>
          <reporter-output>
          </reporter-output>
        </test-method> <!-- runScenario -->
        <test-method is-config="true" signature="tearDownClass()[pri:0, instance:lms.runner.TestRunner@5c86dbc5]" started-at="2024-04-01T13:07:34 PDT" name="tearDownClass" finished-at="2024-04-01T13:07:38 PDT" duration-ms="4903" status="PASS">
          <reporter-output>
          </reporter-output>
        </test-method> <!-- tearDownClass -->
      </class> <!-- lms.runner.TestRunner -->
    </test> <!-- Default test -->
  </suite> <!-- Default suite -->
</testng-results>
