<?xml version="1.0" encoding="UTF-8"?>
<testng-results ignored="0" total="1" passed="1" failed="0" skipped="0">
  <reporter-output>
  </reporter-output>
  <suite started-at="2024-03-30T09:39:44 PDT" name="Default suite" finished-at="2024-03-30T09:39:47 PDT" duration-ms="3644">
    <groups>
    </groups>
    <test started-at="2024-03-30T09:39:44 PDT" name="Default test" finished-at="2024-03-30T09:39:47 PDT" duration-ms="3644">
      <class name="lms.tests.ProgramTests">
        <test-method signature="testPathParam()[pri:0, instance:lms.tests.ProgramTests@34bde49d]" started-at="2024-03-30T09:39:44 PDT" name="testPathParam" finished-at="2024-03-30T09:39:47 PDT" duration-ms="3528" status="PASS">
          <reporter-output>
          </reporter-output>
        </test-method> <!-- testPathParam -->
      </class> <!-- lms.tests.ProgramTests -->
    </test> <!-- Default test -->
  </suite> <!-- Default suite -->
</testng-results>
