<?xml version="1.0" encoding="UTF-8"?>
<testng-results ignored="0" total="27" passed="27" failed="0" skipped="0">
  <reporter-output>
  </reporter-output>
  <suite started-at="2024-03-30T17:37:10 PDT" name="Default suite" finished-at="2024-03-30T17:38:24 PDT" duration-ms="73760">
    <groups>
      <group name="cucumber">
        <method signature="AbstractTestNGCucumberTests.runScenario(io.cucumber.testng.PickleWrapper,io.cucumber.testng.FeatureWrapper)[pri:0, instance:lms.runner.TestRunner@5c86dbc5]" name="runScenario" class="io.cucumber.testng.AbstractTestNGCucumberTests"/>
      </group> <!-- cucumber -->
    </groups>
    <test started-at="2024-03-30T17:37:10 PDT" name="Default test" finished-at="2024-03-30T17:38:24 PDT" duration-ms="73760">
      <class name="lms.runner.TestRunner">
        <test-method is-config="true" signature="setUpClass(org.testng.ITestContext)[pri:0, instance:lms.runner.TestRunner@5c86dbc5]" started-at="2024-03-30T17:37:10 PDT" name="setUpClass" finished-at="2024-03-30T17:37:11 PDT" duration-ms="1234" status="PASS">
          <params>
            <param index="0">
              <value>
                <![CDATA[org.testng.TestRunner@760d9d4a]]>
              </value>
            </param>
          </params>
          <reporter-output>
          </reporter-output>
        </test-method> <!-- setUpClass -->
        <test-method signature="runScenario(io.cucumber.testng.PickleWrapper,io.cucumber.testng.FeatureWrapper)[pri:0, instance:lms.runner.TestRunner@5c86dbc5]" started-at="2024-03-30T17:37:12 PDT" name="runScenario" description="Runs Cucumber Scenarios" data-provider="scenarios" finished-at="2024-03-30T17:37:29 PDT" duration-ms="17690" status="PASS">
          <params>
            <param index="0">
              <value>
                <![CDATA["Authorized Admin unable to create new Batch"]]>
              </value>
            </param>
            <param index="1">
              <value>
                <![CDATA["LMS API Batch Module - Create Batch Requests - Post"]]>
              </value>
            </param>
          </params>
          <reporter-output>
          </reporter-output>
        </test-method> <!-- runScenario -->
        <test-method signature="runScenario(io.cucumber.testng.PickleWrapper,io.cucumber.testng.FeatureWrapper)[pri:0, instance:lms.runner.TestRunner@5c86dbc5]" started-at="2024-03-30T17:37:29 PDT" name="runScenario" description="Runs Cucumber Scenarios" data-provider="scenarios" finished-at="2024-03-30T17:37:34 PDT" duration-ms="4427" status="PASS">
          <params>
            <param index="0">
              <value>
                <![CDATA["Authorized Admin unable to view Batch with invalid batchID from Excel"]]>
              </value>
            </param>
            <param index="1">
              <value>
                <![CDATA["LMS API Batch Module - Create Batch Requests - Post"]]>
              </value>
            </param>
          </params>
          <reporter-output>
          </reporter-output>
        </test-method> <!-- runScenario -->
        <test-method signature="runScenario(io.cucumber.testng.PickleWrapper,io.cucumber.testng.FeatureWrapper)[pri:0, instance:lms.runner.TestRunner@5c86dbc5]" started-at="2024-03-30T17:37:34 PDT" name="runScenario" description="Runs Cucumber Scenarios" data-provider="scenarios" finished-at="2024-03-30T17:37:38 PDT" duration-ms="4308" status="PASS">
          <params>
            <param index="0">
              <value>
                <![CDATA["Authorized Admin unable to view Batch with invalid programID from Excel"]]>
              </value>
            </param>
            <param index="1">
              <value>
                <![CDATA["LMS API Batch Module - Create Batch Requests - Post"]]>
              </value>
            </param>
          </params>
          <reporter-output>
          </reporter-output>
        </test-method> <!-- runScenario -->
        <test-method signature="runScenario(io.cucumber.testng.PickleWrapper,io.cucumber.testng.FeatureWrapper)[pri:0, instance:lms.runner.TestRunner@5c86dbc5]" started-at="2024-03-30T17:37:38 PDT" name="runScenario" description="Runs Cucumber Scenarios" data-provider="scenarios" finished-at="2024-03-30T17:37:42 PDT" duration-ms="4322" status="PASS">
          <params>
            <param index="0">
              <value>
                <![CDATA["Authorized Admin unable to view Batch with invalid batchName from Excel"]]>
              </value>
            </param>
            <param index="1">
              <value>
                <![CDATA["LMS API Batch Module - Create Batch Requests - Post"]]>
              </value>
            </param>
          </params>
          <reporter-output>
          </reporter-output>
        </test-method> <!-- runScenario -->
        <test-method signature="runScenario(io.cucumber.testng.PickleWrapper,io.cucumber.testng.FeatureWrapper)[pri:0, instance:lms.runner.TestRunner@5c86dbc5]" started-at="2024-03-30T17:37:42 PDT" name="runScenario" description="Runs Cucumber Scenarios" data-provider="scenarios" finished-at="2024-03-30T17:37:55 PDT" duration-ms="12428" status="PASS">
          <params>
            <param index="0">
              <value>
                <![CDATA["Authorized Admin unable to update Batch"]]>
              </value>
            </param>
            <param index="1">
              <value>
                <![CDATA["LMS API Batch Module - Create Batch Requests - Post"]]>
              </value>
            </param>
          </params>
          <reporter-output>
          </reporter-output>
        </test-method> <!-- runScenario -->
        <test-method signature="runScenario(io.cucumber.testng.PickleWrapper,io.cucumber.testng.FeatureWrapper)[pri:0, instance:lms.runner.TestRunner@5c86dbc5]" started-at="2024-03-30T17:37:55 PDT" name="runScenario" description="Runs Cucumber Scenarios" data-provider="scenarios" finished-at="2024-03-30T17:37:59 PDT" duration-ms="4304" status="PASS">
          <params>
            <param index="0">
              <value>
                <![CDATA["Authorized Admin unable to delete batch with invalid batch ID from Excel"]]>
              </value>
            </param>
            <param index="1">
              <value>
                <![CDATA["LMS API Batch Module - Create Batch Requests - Post"]]>
              </value>
            </param>
          </params>
          <reporter-output>
          </reporter-output>
        </test-method> <!-- runScenario -->
        <test-method signature="runScenario(io.cucumber.testng.PickleWrapper,io.cucumber.testng.FeatureWrapper)[pri:0, instance:lms.runner.TestRunner@5c86dbc5]" started-at="2024-03-30T17:37:59 PDT" name="runScenario" description="Runs Cucumber Scenarios" data-provider="scenarios" finished-at="2024-03-30T17:38:00 PDT" duration-ms="1035" status="PASS">
          <params>
            <param index="0">
              <value>
                <![CDATA["User should not be able to do CRUD operations on Batch Module with invalid Url"]]>
              </value>
            </param>
            <param index="1">
              <value>
                <![CDATA["LMS API Batch Module - Create Batch Requests - Post"]]>
              </value>
            </param>
          </params>
          <reporter-output>
          </reporter-output>
        </test-method> <!-- runScenario -->
        <test-method signature="runScenario(io.cucumber.testng.PickleWrapper,io.cucumber.testng.FeatureWrapper)[pri:0, instance:lms.runner.TestRunner@5c86dbc5]" started-at="2024-03-30T17:38:00 PDT" name="runScenario" description="Runs Cucumber Scenarios" data-provider="scenarios" finished-at="2024-03-30T17:38:01 PDT" duration-ms="1011" status="PASS">
          <params>
            <param index="0">
              <value>
                <![CDATA["User should not be able to do CRUD operations on Batch Module with invalid Url"]]>
              </value>
            </param>
            <param index="1">
              <value>
                <![CDATA["LMS API Batch Module - Create Batch Requests - Post"]]>
              </value>
            </param>
          </params>
          <reporter-output>
          </reporter-output>
        </test-method> <!-- runScenario -->
        <test-method signature="runScenario(io.cucumber.testng.PickleWrapper,io.cucumber.testng.FeatureWrapper)[pri:0, instance:lms.runner.TestRunner@5c86dbc5]" started-at="2024-03-30T17:38:01 PDT" name="runScenario" description="Runs Cucumber Scenarios" data-provider="scenarios" finished-at="2024-03-30T17:38:02 PDT" duration-ms="1027" status="PASS">
          <params>
            <param index="0">
              <value>
                <![CDATA["User should not be able to do CRUD operations on Batch Module with invalid Url"]]>
              </value>
            </param>
            <param index="1">
              <value>
                <![CDATA["LMS API Batch Module - Create Batch Requests - Post"]]>
              </value>
            </param>
          </params>
          <reporter-output>
          </reporter-output>
        </test-method> <!-- runScenario -->
        <test-method signature="runScenario(io.cucumber.testng.PickleWrapper,io.cucumber.testng.FeatureWrapper)[pri:0, instance:lms.runner.TestRunner@5c86dbc5]" started-at="2024-03-30T17:38:02 PDT" name="runScenario" description="Runs Cucumber Scenarios" data-provider="scenarios" finished-at="2024-03-30T17:38:03 PDT" duration-ms="981" status="PASS">
          <params>
            <param index="0">
              <value>
                <![CDATA["User should not be able to do CRUD operations on Batch Module with invalid Url"]]>
              </value>
            </param>
            <param index="1">
              <value>
                <![CDATA["LMS API Batch Module - Create Batch Requests - Post"]]>
              </value>
            </param>
          </params>
          <reporter-output>
          </reporter-output>
        </test-method> <!-- runScenario -->
        <test-method signature="runScenario(io.cucumber.testng.PickleWrapper,io.cucumber.testng.FeatureWrapper)[pri:0, instance:lms.runner.TestRunner@5c86dbc5]" started-at="2024-03-30T17:38:03 PDT" name="runScenario" description="Runs Cucumber Scenarios" data-provider="scenarios" finished-at="2024-03-30T17:38:04 PDT" duration-ms="1064" status="PASS">
          <params>
            <param index="0">
              <value>
                <![CDATA["User should not be able to do CRUD operations on Batch Module with invalid Url"]]>
              </value>
            </param>
            <param index="1">
              <value>
                <![CDATA["LMS API Batch Module - Create Batch Requests - Post"]]>
              </value>
            </param>
          </params>
          <reporter-output>
          </reporter-output>
        </test-method> <!-- runScenario -->
        <test-method signature="runScenario(io.cucumber.testng.PickleWrapper,io.cucumber.testng.FeatureWrapper)[pri:0, instance:lms.runner.TestRunner@5c86dbc5]" started-at="2024-03-30T17:38:04 PDT" name="runScenario" description="Runs Cucumber Scenarios" data-provider="scenarios" finished-at="2024-03-30T17:38:05 PDT" duration-ms="987" status="PASS">
          <params>
            <param index="0">
              <value>
                <![CDATA["User should not be able to do CRUD operations on Batch Module with invalid Url"]]>
              </value>
            </param>
            <param index="1">
              <value>
                <![CDATA["LMS API Batch Module - Create Batch Requests - Post"]]>
              </value>
            </param>
          </params>
          <reporter-output>
          </reporter-output>
        </test-method> <!-- runScenario -->
        <test-method signature="runScenario(io.cucumber.testng.PickleWrapper,io.cucumber.testng.FeatureWrapper)[pri:0, instance:lms.runner.TestRunner@5c86dbc5]" started-at="2024-03-30T17:38:05 PDT" name="runScenario" description="Runs Cucumber Scenarios" data-provider="scenarios" finished-at="2024-03-30T17:38:06 PDT" duration-ms="1051" status="PASS">
          <params>
            <param index="0">
              <value>
                <![CDATA["User should not be able to do CRUD operations on Batch Module with invalid Url"]]>
              </value>
            </param>
            <param index="1">
              <value>
                <![CDATA["LMS API Batch Module - Create Batch Requests - Post"]]>
              </value>
            </param>
          </params>
          <reporter-output>
          </reporter-output>
        </test-method> <!-- runScenario -->
        <test-method signature="runScenario(io.cucumber.testng.PickleWrapper,io.cucumber.testng.FeatureWrapper)[pri:0, instance:lms.runner.TestRunner@5c86dbc5]" started-at="2024-03-30T17:38:06 PDT" name="runScenario" description="Runs Cucumber Scenarios" data-provider="scenarios" finished-at="2024-03-30T17:38:07 PDT" duration-ms="1133" status="PASS">
          <params>
            <param index="0">
              <value>
                <![CDATA["User should not be able to do CRUD operations on Batch Module with invalid end point"]]>
              </value>
            </param>
            <param index="1">
              <value>
                <![CDATA["LMS API Batch Module - Create Batch Requests - Post"]]>
              </value>
            </param>
          </params>
          <reporter-output>
          </reporter-output>
        </test-method> <!-- runScenario -->
        <test-method signature="runScenario(io.cucumber.testng.PickleWrapper,io.cucumber.testng.FeatureWrapper)[pri:0, instance:lms.runner.TestRunner@5c86dbc5]" started-at="2024-03-30T17:38:07 PDT" name="runScenario" description="Runs Cucumber Scenarios" data-provider="scenarios" finished-at="2024-03-30T17:38:08 PDT" duration-ms="1189" status="PASS">
          <params>
            <param index="0">
              <value>
                <![CDATA["User should not be able to do CRUD operations on Batch Module with invalid end point"]]>
              </value>
            </param>
            <param index="1">
              <value>
                <![CDATA["LMS API Batch Module - Create Batch Requests - Post"]]>
              </value>
            </param>
          </params>
          <reporter-output>
          </reporter-output>
        </test-method> <!-- runScenario -->
        <test-method signature="runScenario(io.cucumber.testng.PickleWrapper,io.cucumber.testng.FeatureWrapper)[pri:0, instance:lms.runner.TestRunner@5c86dbc5]" started-at="2024-03-30T17:38:09 PDT" name="runScenario" description="Runs Cucumber Scenarios" data-provider="scenarios" finished-at="2024-03-30T17:38:10 PDT" duration-ms="1030" status="PASS">
          <params>
            <param index="0">
              <value>
                <![CDATA["User should not be able to do CRUD operations on Batch Module with invalid end point"]]>
              </value>
            </param>
            <param index="1">
              <value>
                <![CDATA["LMS API Batch Module - Create Batch Requests - Post"]]>
              </value>
            </param>
          </params>
          <reporter-output>
          </reporter-output>
        </test-method> <!-- runScenario -->
        <test-method signature="runScenario(io.cucumber.testng.PickleWrapper,io.cucumber.testng.FeatureWrapper)[pri:0, instance:lms.runner.TestRunner@5c86dbc5]" started-at="2024-03-30T17:38:10 PDT" name="runScenario" description="Runs Cucumber Scenarios" data-provider="scenarios" finished-at="2024-03-30T17:38:11 PDT" duration-ms="984" status="PASS">
          <params>
            <param index="0">
              <value>
                <![CDATA["User should not be able to do CRUD operations on Batch Module with invalid end point"]]>
              </value>
            </param>
            <param index="1">
              <value>
                <![CDATA["LMS API Batch Module - Create Batch Requests - Post"]]>
              </value>
            </param>
          </params>
          <reporter-output>
          </reporter-output>
        </test-method> <!-- runScenario -->
        <test-method signature="runScenario(io.cucumber.testng.PickleWrapper,io.cucumber.testng.FeatureWrapper)[pri:0, instance:lms.runner.TestRunner@5c86dbc5]" started-at="2024-03-30T17:38:11 PDT" name="runScenario" description="Runs Cucumber Scenarios" data-provider="scenarios" finished-at="2024-03-30T17:38:11 PDT" duration-ms="979" status="PASS">
          <params>
            <param index="0">
              <value>
                <![CDATA["User should not be able to do CRUD operations on Batch Module with invalid end point"]]>
              </value>
            </param>
            <param index="1">
              <value>
                <![CDATA["LMS API Batch Module - Create Batch Requests - Post"]]>
              </value>
            </param>
          </params>
          <reporter-output>
          </reporter-output>
        </test-method> <!-- runScenario -->
        <test-method signature="runScenario(io.cucumber.testng.PickleWrapper,io.cucumber.testng.FeatureWrapper)[pri:0, instance:lms.runner.TestRunner@5c86dbc5]" started-at="2024-03-30T17:38:12 PDT" name="runScenario" description="Runs Cucumber Scenarios" data-provider="scenarios" finished-at="2024-03-30T17:38:12 PDT" duration-ms="986" status="PASS">
          <params>
            <param index="0">
              <value>
                <![CDATA["User should not be able to do CRUD operations on Batch Module with invalid end point"]]>
              </value>
            </param>
            <param index="1">
              <value>
                <![CDATA["LMS API Batch Module - Create Batch Requests - Post"]]>
              </value>
            </param>
          </params>
          <reporter-output>
          </reporter-output>
        </test-method> <!-- runScenario -->
        <test-method signature="runScenario(io.cucumber.testng.PickleWrapper,io.cucumber.testng.FeatureWrapper)[pri:0, instance:lms.runner.TestRunner@5c86dbc5]" started-at="2024-03-30T17:38:12 PDT" name="runScenario" description="Runs Cucumber Scenarios" data-provider="scenarios" finished-at="2024-03-30T17:38:14 PDT" duration-ms="1022" status="PASS">
          <params>
            <param index="0">
              <value>
                <![CDATA["User should not be able to do CRUD operations on Batch Module with invalid end point"]]>
              </value>
            </param>
            <param index="1">
              <value>
                <![CDATA["LMS API Batch Module - Create Batch Requests - Post"]]>
              </value>
            </param>
          </params>
          <reporter-output>
          </reporter-output>
        </test-method> <!-- runScenario -->
        <test-method signature="runScenario(io.cucumber.testng.PickleWrapper,io.cucumber.testng.FeatureWrapper)[pri:0, instance:lms.runner.TestRunner@5c86dbc5]" started-at="2024-03-30T17:38:14 PDT" name="runScenario" description="Runs Cucumber Scenarios" data-provider="scenarios" finished-at="2024-03-30T17:38:15 PDT" duration-ms="1102" status="PASS">
          <params>
            <param index="0">
              <value>
                <![CDATA["Unauthorized user not able to do CRUD operations on Batch Module"]]>
              </value>
            </param>
            <param index="1">
              <value>
                <![CDATA["LMS API Batch Module - Create Batch Requests - Post"]]>
              </value>
            </param>
          </params>
          <reporter-output>
          </reporter-output>
        </test-method> <!-- runScenario -->
        <test-method signature="runScenario(io.cucumber.testng.PickleWrapper,io.cucumber.testng.FeatureWrapper)[pri:0, instance:lms.runner.TestRunner@5c86dbc5]" started-at="2024-03-30T17:38:15 PDT" name="runScenario" description="Runs Cucumber Scenarios" data-provider="scenarios" finished-at="2024-03-30T17:38:16 PDT" duration-ms="1006" status="PASS">
          <params>
            <param index="0">
              <value>
                <![CDATA["Unauthorized user not able to do CRUD operations on Batch Module"]]>
              </value>
            </param>
            <param index="1">
              <value>
                <![CDATA["LMS API Batch Module - Create Batch Requests - Post"]]>
              </value>
            </param>
          </params>
          <reporter-output>
          </reporter-output>
        </test-method> <!-- runScenario -->
        <test-method signature="runScenario(io.cucumber.testng.PickleWrapper,io.cucumber.testng.FeatureWrapper)[pri:0, instance:lms.runner.TestRunner@5c86dbc5]" started-at="2024-03-30T17:38:16 PDT" name="runScenario" description="Runs Cucumber Scenarios" data-provider="scenarios" finished-at="2024-03-30T17:38:17 PDT" duration-ms="989" status="PASS">
          <params>
            <param index="0">
              <value>
                <![CDATA["Unauthorized user not able to do CRUD operations on Batch Module"]]>
              </value>
            </param>
            <param index="1">
              <value>
                <![CDATA["LMS API Batch Module - Create Batch Requests - Post"]]>
              </value>
            </param>
          </params>
          <reporter-output>
          </reporter-output>
        </test-method> <!-- runScenario -->
        <test-method signature="runScenario(io.cucumber.testng.PickleWrapper,io.cucumber.testng.FeatureWrapper)[pri:0, instance:lms.runner.TestRunner@5c86dbc5]" started-at="2024-03-30T17:38:17 PDT" name="runScenario" description="Runs Cucumber Scenarios" data-provider="scenarios" finished-at="2024-03-30T17:38:18 PDT" duration-ms="1024" status="PASS">
          <params>
            <param index="0">
              <value>
                <![CDATA["Unauthorized user not able to do CRUD operations on Batch Module"]]>
              </value>
            </param>
            <param index="1">
              <value>
                <![CDATA["LMS API Batch Module - Create Batch Requests - Post"]]>
              </value>
            </param>
          </params>
          <reporter-output>
          </reporter-output>
        </test-method> <!-- runScenario -->
        <test-method signature="runScenario(io.cucumber.testng.PickleWrapper,io.cucumber.testng.FeatureWrapper)[pri:0, instance:lms.runner.TestRunner@5c86dbc5]" started-at="2024-03-30T17:38:18 PDT" name="runScenario" description="Runs Cucumber Scenarios" data-provider="scenarios" finished-at="2024-03-30T17:38:19 PDT" duration-ms="1032" status="PASS">
          <params>
            <param index="0">
              <value>
                <![CDATA["Unauthorized user not able to do CRUD operations on Batch Module"]]>
              </value>
            </param>
            <param index="1">
              <value>
                <![CDATA["LMS API Batch Module - Create Batch Requests - Post"]]>
              </value>
            </param>
          </params>
          <reporter-output>
          </reporter-output>
        </test-method> <!-- runScenario -->
        <test-method signature="runScenario(io.cucumber.testng.PickleWrapper,io.cucumber.testng.FeatureWrapper)[pri:0, instance:lms.runner.TestRunner@5c86dbc5]" started-at="2024-03-30T17:38:19 PDT" name="runScenario" description="Runs Cucumber Scenarios" data-provider="scenarios" finished-at="2024-03-30T17:38:20 PDT" duration-ms="1124" status="PASS">
          <params>
            <param index="0">
              <value>
                <![CDATA["Unauthorized user not able to do CRUD operations on Batch Module"]]>
              </value>
            </param>
            <param index="1">
              <value>
                <![CDATA["LMS API Batch Module - Create Batch Requests - Post"]]>
              </value>
            </param>
          </params>
          <reporter-output>
          </reporter-output>
        </test-method> <!-- runScenario -->
        <test-method signature="runScenario(io.cucumber.testng.PickleWrapper,io.cucumber.testng.FeatureWrapper)[pri:0, instance:lms.runner.TestRunner@5c86dbc5]" started-at="2024-03-30T17:38:20 PDT" name="runScenario" description="Runs Cucumber Scenarios" data-provider="scenarios" finished-at="2024-03-30T17:38:21 PDT" duration-ms="1095" status="PASS">
          <params>
            <param index="0">
              <value>
                <![CDATA["Unauthorized user not able to do CRUD operations on Batch Module"]]>
              </value>
            </param>
            <param index="1">
              <value>
                <![CDATA["LMS API Batch Module - Create Batch Requests - Post"]]>
              </value>
            </param>
          </params>
          <reporter-output>
          </reporter-output>
        </test-method> <!-- runScenario -->
        <test-method is-config="true" signature="tearDownClass()[pri:0, instance:lms.runner.TestRunner@5c86dbc5]" started-at="2024-03-30T17:38:21 PDT" name="tearDownClass" finished-at="2024-03-30T17:38:24 PDT" duration-ms="3075" status="PASS">
          <reporter-output>
          </reporter-output>
        </test-method> <!-- tearDownClass -->
      </class> <!-- lms.runner.TestRunner -->
    </test> <!-- Default test -->
  </suite> <!-- Default suite -->
</testng-results>
